2022-07-20 14:33:35
20220720 153259.090 INFO             PET0 !!!!!!!!!!!!!!!!!!!!!!!!!!!!!!!!!!!!!!!!!!!!!!!!!!!!!!
20220720 153259.090 INFO             PET0 !!! THE ESMF_LOG IS SET TO OUTPUT ALL LOG MESSAGES !!!
20220720 153259.090 INFO             PET0 !!!     THIS MAY CAUSE SLOWDOWN IN PERFORMANCE     !!!
20220720 153259.090 INFO             PET0 !!! FOR PRODUCTION RUNS, USE:                      !!!
20220720 153259.090 INFO             PET0 !!!                   ESMF_LOGKIND_Multi_On_Error  !!!
20220720 153259.090 INFO             PET0 !!!!!!!!!!!!!!!!!!!!!!!!!!!!!!!!!!!!!!!!!!!!!!!!!!!!!!
20220720 153259.090 INFO             PET0 Running with ESMF Version   : v8.4.0b06-4-gd14c4971e8
20220720 153259.090 INFO             PET0 ESMF library build date/time: "Jul 20 2022" "14:28:33"
20220720 153259.090 INFO             PET0 ESMF library build location : /glade/scratch/dunlap/esmf-test-dev/intel_18.0.5_openmpi_O_develop/esmf
20220720 153259.090 INFO             PET0 ESMF_COMM                   : openmpi
20220720 153259.090 INFO             PET0 ESMF_MOAB                   : enabled
20220720 153259.090 INFO             PET0 ESMF_LAPACK                 : enabled
20220720 153259.090 INFO             PET0 ESMF_NETCDF                 : enabled
20220720 153259.090 INFO             PET0 ESMF_PNETCDF                : disabled
20220720 153259.090 INFO             PET0 ESMF_PIO                    : enabled
20220720 153259.090 INFO             PET0 ESMF_YAMLCPP                : enabled
20220720 153259.093 INFO             PET0  NUMBER_OF_PROCESSORS           1
20220720 153259.093 INFO             PET0  PASS  Example ESMF_XGridSparseMatEx, ESMF_XGridSparseMatEx.F90, line 642
20220720 153259.093 INFO             PET0 Finalizing ESMF
