2022-07-15 18:31:08
20220715 195255.938 INFO             PET0 !!!!!!!!!!!!!!!!!!!!!!!!!!!!!!!!!!!!!!!!!!!!!!!!!!!!!!
20220715 195255.939 INFO             PET0 !!! THE ESMF_LOG IS SET TO OUTPUT ALL LOG MESSAGES !!!
20220715 195255.939 INFO             PET0 !!!     THIS MAY CAUSE SLOWDOWN IN PERFORMANCE     !!!
20220715 195255.939 INFO             PET0 !!! FOR PRODUCTION RUNS, USE:                      !!!
20220715 195255.939 INFO             PET0 !!!                   ESMF_LOGKIND_Multi_On_Error  !!!
20220715 195255.939 INFO             PET0 !!!!!!!!!!!!!!!!!!!!!!!!!!!!!!!!!!!!!!!!!!!!!!!!!!!!!!
20220715 195255.939 INFO             PET0 Running with ESMF Version   : v8.4.0b04-2-gc831a7cd4a
20220715 195255.939 INFO             PET0 ESMF library build date/time: "Jul 15 2022" "18:23:48"
20220715 195255.939 INFO             PET0 ESMF library build location : /scratch/cluster/dunlap/esmf-test-dev/pgi_20.1_mpiuni_O_develop/esmf
20220715 195255.939 INFO             PET0 ESMF_COMM                   : mpiuni
20220715 195255.939 INFO             PET0 ESMF_MOAB                   : enabled
20220715 195255.939 INFO             PET0 ESMF_LAPACK                 : enabled
20220715 195255.939 INFO             PET0 ESMF_NETCDF                 : enabled
20220715 195255.939 INFO             PET0 ESMF_PNETCDF                : disabled
20220715 195255.939 INFO             PET0 ESMF_PIO                    : disabled
20220715 195255.939 INFO             PET0 ESMF_YAMLCPP                : enabled
20220715 195255.940 INFO             PET0  NUMBER_OF_PROCESSORS            1
20220715 195255.940 INFO             PET0  PASS  Example ESMF_WebServicesEx, ESMF_WebServicesEx.F90, line 227
20220715 195255.940 INFO             PET0 Finalizing ESMF
