2022-07-21 20:17:21
20220721 203816.885 INFO             PET0 !!!!!!!!!!!!!!!!!!!!!!!!!!!!!!!!!!!!!!!!!!!!!!!!!!!!!!
20220721 203816.885 INFO             PET0 !!! THE ESMF_LOG IS SET TO OUTPUT ALL LOG MESSAGES !!!
20220721 203816.885 INFO             PET0 !!!     THIS MAY CAUSE SLOWDOWN IN PERFORMANCE     !!!
20220721 203816.885 INFO             PET0 !!! FOR PRODUCTION RUNS, USE:                      !!!
20220721 203816.885 INFO             PET0 !!!                   ESMF_LOGKIND_Multi_On_Error  !!!
20220721 203816.885 INFO             PET0 !!!!!!!!!!!!!!!!!!!!!!!!!!!!!!!!!!!!!!!!!!!!!!!!!!!!!!
20220721 203816.885 INFO             PET0 Running with ESMF Version   : v8.4.0b06-6-g1266599ea8
20220721 203816.885 INFO             PET0 ESMF library build date/time: "Jul 21 2022" "20:15:53"
20220721 203816.885 INFO             PET0 ESMF library build location : /scratch1/NCEPDEV/stmp2/Rocky.Dunlap/esmf-test-dev/gfortran_9.2.0b_openmpi_g_develop/esmf
20220721 203816.885 INFO             PET0 ESMF_COMM                   : openmpi
20220721 203816.886 INFO             PET0 ESMF_MOAB                   : enabled
20220721 203816.886 INFO             PET0 ESMF_LAPACK                 : enabled
20220721 203816.886 INFO             PET0 ESMF_NETCDF                 : disabled
20220721 203816.886 INFO             PET0 ESMF_PNETCDF                : disabled
20220721 203816.886 INFO             PET0 ESMF_PIO                    : disabled
20220721 203816.886 INFO             PET0 ESMF_YAMLCPP                : enabled
20220721 203816.886 INFO             PET0  NUMBER_OF_PROCESSORS           2
20220721 203816.886 INFO             PET0  PASS  Example ESMF_VMUserMpiCommEx, ESMF_VMUserMpiCommEx.F90, line 113
20220721 203816.886 INFO             PET0 Finalizing ESMF
20220721 203816.885 INFO             PET1 !!!!!!!!!!!!!!!!!!!!!!!!!!!!!!!!!!!!!!!!!!!!!!!!!!!!!!
20220721 203816.885 INFO             PET1 !!! THE ESMF_LOG IS SET TO OUTPUT ALL LOG MESSAGES !!!
20220721 203816.885 INFO             PET1 !!!     THIS MAY CAUSE SLOWDOWN IN PERFORMANCE     !!!
20220721 203816.885 INFO             PET1 !!! FOR PRODUCTION RUNS, USE:                      !!!
20220721 203816.885 INFO             PET1 !!!                   ESMF_LOGKIND_Multi_On_Error  !!!
20220721 203816.885 INFO             PET1 !!!!!!!!!!!!!!!!!!!!!!!!!!!!!!!!!!!!!!!!!!!!!!!!!!!!!!
20220721 203816.885 INFO             PET1 Running with ESMF Version   : v8.4.0b06-6-g1266599ea8
20220721 203816.885 INFO             PET1 ESMF library build date/time: "Jul 21 2022" "20:15:53"
20220721 203816.885 INFO             PET1 ESMF library build location : /scratch1/NCEPDEV/stmp2/Rocky.Dunlap/esmf-test-dev/gfortran_9.2.0b_openmpi_g_develop/esmf
20220721 203816.885 INFO             PET1 ESMF_COMM                   : openmpi
20220721 203816.885 INFO             PET1 ESMF_MOAB                   : enabled
20220721 203816.885 INFO             PET1 ESMF_LAPACK                 : enabled
20220721 203816.885 INFO             PET1 ESMF_NETCDF                 : disabled
20220721 203816.885 INFO             PET1 ESMF_PNETCDF                : disabled
20220721 203816.885 INFO             PET1 ESMF_PIO                    : disabled
20220721 203816.885 INFO             PET1 ESMF_YAMLCPP                : enabled
20220721 203816.886 INFO             PET1  NUMBER_OF_PROCESSORS           2
20220721 203816.886 INFO             PET1  PASS  Example ESMF_VMUserMpiCommEx, ESMF_VMUserMpiCommEx.F90, line 113
20220721 203816.886 INFO             PET1 Finalizing ESMF
