2022-07-16 18:56:52
[1658008711.856179] [h4c55:2465 :0]         mxm.c:196  MXM  WARN  The 'ulimit -s' on the system is set to 'unlimited'. This may have negative performance implications. Please set the stack size to the default value (10240) 
[1658008711.856160] [h4c55:2466 :0]         mxm.c:196  MXM  WARN  The 'ulimit -s' on the system is set to 'unlimited'. This may have negative performance implications. Please set the stack size to the default value (10240) 
[1658008711.856166] [h4c55:2467 :0]         mxm.c:196  MXM  WARN  The 'ulimit -s' on the system is set to 'unlimited'. This may have negative performance implications. Please set the stack size to the default value (10240) 
[1658008711.856193] [h4c55:2468 :0]         mxm.c:196  MXM  WARN  The 'ulimit -s' on the system is set to 'unlimited'. This may have negative performance implications. Please set the stack size to the default value (10240) 
[1658008711.861759] [h4c55:2465 :0]         mxm.c:196  MXM  WARN  The 'ulimit -s' on the system is set to 'unlimited'. This may have negative performance implications. Please set the stack size to the default value (10240) 
[1658008711.861833] [h4c55:2467 :0]         mxm.c:196  MXM  WARN  The 'ulimit -s' on the system is set to 'unlimited'. This may have negative performance implications. Please set the stack size to the default value (10240) 
[1658008711.862232] [h4c55:2468 :0]         mxm.c:196  MXM  WARN  The 'ulimit -s' on the system is set to 'unlimited'. This may have negative performance implications. Please set the stack size to the default value (10240) 
[1658008711.862280] [h4c55:2466 :0]         mxm.c:196  MXM  WARN  The 'ulimit -s' on the system is set to 'unlimited'. This may have negative performance implications. Please set the stack size to the default value (10240) 
           2 -           1           3 -           3           3 -   0.00000000       2.25000000       0.00000000    
  PASS  Example ESMF_FieldSMMEx, ESMF_FieldSMMEx.F90, line 419
           3 -           1           4 -           3           4 -   0.00000000       0.00000000       3.09999990    
  PASS  Example ESMF_FieldSMMEx, ESMF_FieldSMMEx.F90, line 419
           0 -           1           1 -           3           1 -   0.00000000       0.00000000       1.30000007    
  PASS  Example ESMF_FieldSMMEx, ESMF_FieldSMMEx.F90, line 419
           1 -           1           2 -           3           2 -   0.00000000       0.00000000       0.00000000    
  PASS  Example ESMF_FieldSMMEx, ESMF_FieldSMMEx.F90, line 419
 PASS: ESMF_FieldSMMEx.F90
 PASS: ESMF_FieldSMMEx.F90
 PASS: ESMF_FieldSMMEx.F90
 PASS: ESMF_FieldSMMEx.F90
