2022-07-21 20:17:21
[1658435908.665714] [h12c08:59612:0]         mxm.c:196  MXM  WARN  The 'ulimit -s' on the system is set to 'unlimited'. This may have negative performance implications. Please set the stack size to the default value (10240) 
[1658435908.665703] [h12c08:59614:0]         mxm.c:196  MXM  WARN  The 'ulimit -s' on the system is set to 'unlimited'. This may have negative performance implications. Please set the stack size to the default value (10240) 
[1658435908.665962] [h12c08:59613:0]         mxm.c:196  MXM  WARN  The 'ulimit -s' on the system is set to 'unlimited'. This may have negative performance implications. Please set the stack size to the default value (10240) 
[1658435908.665958] [h12c08:59615:0]         mxm.c:196  MXM  WARN  The 'ulimit -s' on the system is set to 'unlimited'. This may have negative performance implications. Please set the stack size to the default value (10240) 
[1658435908.671247] [h12c08:59612:0]         mxm.c:196  MXM  WARN  The 'ulimit -s' on the system is set to 'unlimited'. This may have negative performance implications. Please set the stack size to the default value (10240) 
[1658435908.671648] [h12c08:59614:0]         mxm.c:196  MXM  WARN  The 'ulimit -s' on the system is set to 'unlimited'. This may have negative performance implications. Please set the stack size to the default value (10240) 
[1658435908.672377] [h12c08:59613:0]         mxm.c:196  MXM  WARN  The 'ulimit -s' on the system is set to 'unlimited'. This may have negative performance implications. Please set the stack size to the default value (10240) 
[1658435908.672420] [h12c08:59615:0]         mxm.c:196  MXM  WARN  The 'ulimit -s' on the system is set to 'unlimited'. This may have negative performance implications. Please set the stack size to the default value (10240) 
 I am PET           0  and I am offering service for DE            0
 I am PET           0 , service offer for DE            0  was accepted.
 I am PET           0  and I am offering service for DE            4
 I am PET           0 , service offer for DE            4  was accepted.
  PASS  Example ESMF_DELayoutEx, ESMF_DELayoutEx.F90, line 394
 I am PET           2  and I am offering service for DE            2
 I am PET           2 , service offer for DE            2  was accepted.
  PASS  Example ESMF_DELayoutEx, ESMF_DELayoutEx.F90, line 394
 I am PET           3  and I am offering service for DE            3
 I am PET           3 , service offer for DE            3  was accepted.
 I am PET           1  and I am offering service for DE            1
 I am PET           1 , service offer for DE            1  was accepted.
  PASS  Example ESMF_DELayoutEx, ESMF_DELayoutEx.F90, line 394
 I am PET           1  and I am offering service for DE            5
 I am PET           1 , service offer for DE            5  was accepted.
  PASS  Example ESMF_DELayoutEx, ESMF_DELayoutEx.F90, line 394
 PASS: ESMF_DELayoutEx.F90
 PASS: ESMF_DELayoutEx.F90
 PASS: ESMF_DELayoutEx.F90
 PASS: ESMF_DELayoutEx.F90
