2022-07-16 18:56:52
20220716 215815.715 INFO             PET0 !!!!!!!!!!!!!!!!!!!!!!!!!!!!!!!!!!!!!!!!!!!!!!!!!!!!!!
20220716 215815.715 INFO             PET0 !!! THE ESMF_LOG IS SET TO OUTPUT ALL LOG MESSAGES !!!
20220716 215815.715 INFO             PET0 !!!     THIS MAY CAUSE SLOWDOWN IN PERFORMANCE     !!!
20220716 215815.715 INFO             PET0 !!! FOR PRODUCTION RUNS, USE:                      !!!
20220716 215815.715 INFO             PET0 !!!                   ESMF_LOGKIND_Multi_On_Error  !!!
20220716 215815.715 INFO             PET0 !!!!!!!!!!!!!!!!!!!!!!!!!!!!!!!!!!!!!!!!!!!!!!!!!!!!!!
20220716 215815.715 INFO             PET0 Running with ESMF Version   : v8.4.0b04-2-gc831a7cd4a
20220716 215815.715 INFO             PET0 ESMF library build date/time: "Jul 16 2022" "18:55:36"
20220716 215815.715 INFO             PET0 ESMF library build location : /scratch1/NCEPDEV/stmp2/Rocky.Dunlap/esmf-test-dev/gfortran_9.2.0b_openmpi_g_develop/esmf
20220716 215815.715 INFO             PET0 ESMF_COMM                   : openmpi
20220716 215815.716 INFO             PET0 ESMF_MOAB                   : enabled
20220716 215815.716 INFO             PET0 ESMF_LAPACK                 : enabled
20220716 215815.716 INFO             PET0 ESMF_NETCDF                 : disabled
20220716 215815.716 INFO             PET0 ESMF_PNETCDF                : disabled
20220716 215815.716 INFO             PET0 ESMF_PIO                    : disabled
20220716 215815.716 INFO             PET0 ESMF_YAMLCPP                : enabled
20220716 215815.722 INFO             PET0  NUMBER_OF_PROCESSORS           1
20220716 215815.722 INFO             PET0  PASS  Example ESMF_XGridSparseMatEx, ESMF_XGridSparseMatEx.F90, line 642
20220716 215815.722 INFO             PET0 Finalizing ESMF
