2022-07-21 20:17:21
20220721 203835.691 INFO             PET0 !!!!!!!!!!!!!!!!!!!!!!!!!!!!!!!!!!!!!!!!!!!!!!!!!!!!!!
20220721 203835.691 INFO             PET0 !!! THE ESMF_LOG IS SET TO OUTPUT ALL LOG MESSAGES !!!
20220721 203835.691 INFO             PET0 !!!     THIS MAY CAUSE SLOWDOWN IN PERFORMANCE     !!!
20220721 203835.691 INFO             PET0 !!! FOR PRODUCTION RUNS, USE:                      !!!
20220721 203835.691 INFO             PET0 !!!                   ESMF_LOGKIND_Multi_On_Error  !!!
20220721 203835.691 INFO             PET0 !!!!!!!!!!!!!!!!!!!!!!!!!!!!!!!!!!!!!!!!!!!!!!!!!!!!!!
20220721 203835.691 INFO             PET0 Running with ESMF Version   : v8.4.0b06-6-g1266599ea8
20220721 203835.691 INFO             PET0 ESMF library build date/time: "Jul 21 2022" "20:15:53"
20220721 203835.691 INFO             PET0 ESMF library build location : /scratch1/NCEPDEV/stmp2/Rocky.Dunlap/esmf-test-dev/gfortran_9.2.0b_openmpi_g_develop/esmf
20220721 203835.691 INFO             PET0 ESMF_COMM                   : openmpi
20220721 203835.695 INFO             PET0 ESMF_MOAB                   : enabled
20220721 203835.695 INFO             PET0 ESMF_LAPACK                 : enabled
20220721 203835.695 INFO             PET0 ESMF_NETCDF                 : disabled
20220721 203835.695 INFO             PET0 ESMF_PNETCDF                : disabled
20220721 203835.695 INFO             PET0 ESMF_PIO                    : disabled
20220721 203835.695 INFO             PET0 ESMF_YAMLCPP                : enabled
20220721 203835.699 INFO             PET0 ESMF_FieldRedistStoreNF(): Just entered routine.
20220721 203835.888 INFO             PET0 ESMF_FieldRedistStoreNF(): Leaving routine.
20220721 203835.977 INFO             PET0  NUMBER_OF_PROCESSORS           4
20220721 203835.977 INFO             PET0  PASS  Example ESMF_RHandleFromFileEx, ESMF_RHandleFromFileEx.F90, line 192
20220721 203835.977 INFO             PET0 Finalizing ESMF
20220721 203835.690 INFO             PET1 !!!!!!!!!!!!!!!!!!!!!!!!!!!!!!!!!!!!!!!!!!!!!!!!!!!!!!
20220721 203835.690 INFO             PET1 !!! THE ESMF_LOG IS SET TO OUTPUT ALL LOG MESSAGES !!!
20220721 203835.690 INFO             PET1 !!!     THIS MAY CAUSE SLOWDOWN IN PERFORMANCE     !!!
20220721 203835.690 INFO             PET1 !!! FOR PRODUCTION RUNS, USE:                      !!!
20220721 203835.690 INFO             PET1 !!!                   ESMF_LOGKIND_Multi_On_Error  !!!
20220721 203835.690 INFO             PET1 !!!!!!!!!!!!!!!!!!!!!!!!!!!!!!!!!!!!!!!!!!!!!!!!!!!!!!
20220721 203835.690 INFO             PET1 Running with ESMF Version   : v8.4.0b06-6-g1266599ea8
20220721 203835.690 INFO             PET1 ESMF library build date/time: "Jul 21 2022" "20:15:53"
20220721 203835.690 INFO             PET1 ESMF library build location : /scratch1/NCEPDEV/stmp2/Rocky.Dunlap/esmf-test-dev/gfortran_9.2.0b_openmpi_g_develop/esmf
20220721 203835.690 INFO             PET1 ESMF_COMM                   : openmpi
20220721 203835.691 INFO             PET1 ESMF_MOAB                   : enabled
20220721 203835.691 INFO             PET1 ESMF_LAPACK                 : enabled
20220721 203835.691 INFO             PET1 ESMF_NETCDF                 : disabled
20220721 203835.691 INFO             PET1 ESMF_PNETCDF                : disabled
20220721 203835.691 INFO             PET1 ESMF_PIO                    : disabled
20220721 203835.691 INFO             PET1 ESMF_YAMLCPP                : enabled
20220721 203835.698 INFO             PET1 ESMF_FieldRedistStoreNF(): Just entered routine.
20220721 203835.888 INFO             PET1 ESMF_FieldRedistStoreNF(): Leaving routine.
20220721 203835.977 INFO             PET1  NUMBER_OF_PROCESSORS           4
20220721 203835.977 INFO             PET1  PASS  Example ESMF_RHandleFromFileEx, ESMF_RHandleFromFileEx.F90, line 192
20220721 203835.977 INFO             PET1 Finalizing ESMF
20220721 203835.691 INFO             PET2 !!!!!!!!!!!!!!!!!!!!!!!!!!!!!!!!!!!!!!!!!!!!!!!!!!!!!!
20220721 203835.691 INFO             PET2 !!! THE ESMF_LOG IS SET TO OUTPUT ALL LOG MESSAGES !!!
20220721 203835.691 INFO             PET2 !!!     THIS MAY CAUSE SLOWDOWN IN PERFORMANCE     !!!
20220721 203835.691 INFO             PET2 !!! FOR PRODUCTION RUNS, USE:                      !!!
20220721 203835.691 INFO             PET2 !!!                   ESMF_LOGKIND_Multi_On_Error  !!!
20220721 203835.691 INFO             PET2 !!!!!!!!!!!!!!!!!!!!!!!!!!!!!!!!!!!!!!!!!!!!!!!!!!!!!!
20220721 203835.691 INFO             PET2 Running with ESMF Version   : v8.4.0b06-6-g1266599ea8
20220721 203835.691 INFO             PET2 ESMF library build date/time: "Jul 21 2022" "20:15:53"
20220721 203835.691 INFO             PET2 ESMF library build location : /scratch1/NCEPDEV/stmp2/Rocky.Dunlap/esmf-test-dev/gfortran_9.2.0b_openmpi_g_develop/esmf
20220721 203835.691 INFO             PET2 ESMF_COMM                   : openmpi
20220721 203835.691 INFO             PET2 ESMF_MOAB                   : enabled
20220721 203835.691 INFO             PET2 ESMF_LAPACK                 : enabled
20220721 203835.691 INFO             PET2 ESMF_NETCDF                 : disabled
20220721 203835.691 INFO             PET2 ESMF_PNETCDF                : disabled
20220721 203835.691 INFO             PET2 ESMF_PIO                    : disabled
20220721 203835.691 INFO             PET2 ESMF_YAMLCPP                : enabled
20220721 203835.698 INFO             PET2 ESMF_FieldRedistStoreNF(): Just entered routine.
20220721 203835.888 INFO             PET2 ESMF_FieldRedistStoreNF(): Leaving routine.
20220721 203835.977 INFO             PET2  NUMBER_OF_PROCESSORS           4
20220721 203835.977 INFO             PET2  PASS  Example ESMF_RHandleFromFileEx, ESMF_RHandleFromFileEx.F90, line 192
20220721 203835.977 INFO             PET2 Finalizing ESMF
20220721 203835.691 INFO             PET3 !!!!!!!!!!!!!!!!!!!!!!!!!!!!!!!!!!!!!!!!!!!!!!!!!!!!!!
20220721 203835.691 INFO             PET3 !!! THE ESMF_LOG IS SET TO OUTPUT ALL LOG MESSAGES !!!
20220721 203835.691 INFO             PET3 !!!     THIS MAY CAUSE SLOWDOWN IN PERFORMANCE     !!!
20220721 203835.691 INFO             PET3 !!! FOR PRODUCTION RUNS, USE:                      !!!
20220721 203835.691 INFO             PET3 !!!                   ESMF_LOGKIND_Multi_On_Error  !!!
20220721 203835.691 INFO             PET3 !!!!!!!!!!!!!!!!!!!!!!!!!!!!!!!!!!!!!!!!!!!!!!!!!!!!!!
20220721 203835.691 INFO             PET3 Running with ESMF Version   : v8.4.0b06-6-g1266599ea8
20220721 203835.691 INFO             PET3 ESMF library build date/time: "Jul 21 2022" "20:15:53"
20220721 203835.691 INFO             PET3 ESMF library build location : /scratch1/NCEPDEV/stmp2/Rocky.Dunlap/esmf-test-dev/gfortran_9.2.0b_openmpi_g_develop/esmf
20220721 203835.691 INFO             PET3 ESMF_COMM                   : openmpi
20220721 203835.693 INFO             PET3 ESMF_MOAB                   : enabled
20220721 203835.693 INFO             PET3 ESMF_LAPACK                 : enabled
20220721 203835.693 INFO             PET3 ESMF_NETCDF                 : disabled
20220721 203835.693 INFO             PET3 ESMF_PNETCDF                : disabled
20220721 203835.693 INFO             PET3 ESMF_PIO                    : disabled
20220721 203835.693 INFO             PET3 ESMF_YAMLCPP                : enabled
20220721 203835.699 INFO             PET3 ESMF_FieldRedistStoreNF(): Just entered routine.
20220721 203835.888 INFO             PET3 ESMF_FieldRedistStoreNF(): Leaving routine.
20220721 203835.977 INFO             PET3  NUMBER_OF_PROCESSORS           4
20220721 203835.977 INFO             PET3  PASS  Example ESMF_RHandleFromFileEx, ESMF_RHandleFromFileEx.F90, line 192
20220721 203835.977 INFO             PET3 Finalizing ESMF
