2022-07-16 18:56:52
[1658008709.877920] [h4c55:1941 :0]         mxm.c:196  MXM  WARN  The 'ulimit -s' on the system is set to 'unlimited'. This may have negative performance implications. Please set the stack size to the default value (10240) 
[1658008709.877915] [h4c55:1943 :0]         mxm.c:196  MXM  WARN  The 'ulimit -s' on the system is set to 'unlimited'. This may have negative performance implications. Please set the stack size to the default value (10240) 
[1658008709.877947] [h4c55:1942 :0]         mxm.c:196  MXM  WARN  The 'ulimit -s' on the system is set to 'unlimited'. This may have negative performance implications. Please set the stack size to the default value (10240) 
[1658008709.877972] [h4c55:1944 :0]         mxm.c:196  MXM  WARN  The 'ulimit -s' on the system is set to 'unlimited'. This may have negative performance implications. Please set the stack size to the default value (10240) 
[1658008709.883728] [h4c55:1943 :0]         mxm.c:196  MXM  WARN  The 'ulimit -s' on the system is set to 'unlimited'. This may have negative performance implications. Please set the stack size to the default value (10240) 
[1658008709.883746] [h4c55:1941 :0]         mxm.c:196  MXM  WARN  The 'ulimit -s' on the system is set to 'unlimited'. This may have negative performance implications. Please set the stack size to the default value (10240) 
[1658008709.884316] [h4c55:1944 :0]         mxm.c:196  MXM  WARN  The 'ulimit -s' on the system is set to 'unlimited'. This may have negative performance implications. Please set the stack size to the default value (10240) 
[1658008709.884306] [h4c55:1942 :0]         mxm.c:196  MXM  WARN  The 'ulimit -s' on the system is set to 'unlimited'. This may have negative performance implications. Please set the stack size to the default value (10240) 
 Field with replicated dimension returned
  PASS  Example ESMF_FieldRepDimEx, ESMF_FieldRepDimEx.F90, line 228
 Field with replicated dimension returned
  PASS  Example ESMF_FieldRepDimEx, ESMF_FieldRepDimEx.F90, line 228
 Field with replicated dimension returned
  PASS  Example ESMF_FieldRepDimEx, ESMF_FieldRepDimEx.F90, line 228
 Field with replicated dimension returned
  PASS  Example ESMF_FieldRepDimEx, ESMF_FieldRepDimEx.F90, line 228
 PASS: ESMF_FieldRepDimEx.F90
 PASS: ESMF_FieldRepDimEx.F90
 PASS: ESMF_FieldRepDimEx.F90
 PASS: ESMF_FieldRepDimEx.F90
