2022-07-18 15:40:55
20220718 165613.664 INFO             PET0 !!!!!!!!!!!!!!!!!!!!!!!!!!!!!!!!!!!!!!!!!!!!!!!!!!!!!!
20220718 165613.664 INFO             PET0 !!! THE ESMF_LOG IS SET TO OUTPUT ALL LOG MESSAGES !!!
20220718 165613.664 INFO             PET0 !!!     THIS MAY CAUSE SLOWDOWN IN PERFORMANCE     !!!
20220718 165613.664 INFO             PET0 !!! FOR PRODUCTION RUNS, USE:                      !!!
20220718 165613.664 INFO             PET0 !!!                   ESMF_LOGKIND_Multi_On_Error  !!!
20220718 165613.664 INFO             PET0 !!!!!!!!!!!!!!!!!!!!!!!!!!!!!!!!!!!!!!!!!!!!!!!!!!!!!!
20220718 165613.664 INFO             PET0 Running with ESMF Version   : v8.4.0b02
20220718 165613.664 INFO             PET0 ESMF library build date/time: "Jul 18 2022" "15:34:51"
20220718 165613.664 INFO             PET0 ESMF library build location : /scratch/cluster/dunlap/esmf-test-dev/pgi_20.1_mpiuni_g_v8.4.0b02/esmf
20220718 165613.664 INFO             PET0 ESMF_COMM                   : mpiuni
20220718 165613.664 INFO             PET0 ESMF_MOAB                   : enabled
20220718 165613.664 INFO             PET0 ESMF_LAPACK                 : enabled
20220718 165613.664 INFO             PET0 ESMF_NETCDF                 : enabled
20220718 165613.664 INFO             PET0 ESMF_PNETCDF                : disabled
20220718 165613.665 INFO             PET0 ESMF_PIO                    : disabled
20220718 165613.665 INFO             PET0 ESMF_YAMLCPP                : enabled
20220718 165613.665 INFO             PET0 ESMF Tracing Enabled
20220718 165613.665 INFO             PET0 ESMF Profiling Enabled
20220718 165613.665 INFO             PET0 ESMF Trace/Profile clock: REALTIME
20220718 165613.670 INFO             PET0  NUMBER_OF_PROCESSORS            1
20220718 165613.670 INFO             PET0  PASS  Example ESMF_TraceUserEx, ESMF_TraceUserEx.F90, line 125
20220718 165613.670 INFO             PET0 Finalizing ESMF
20220718 165613.670 INFO             PET0 **************** Region Timings *******************
20220718 165613.670 INFO             PET0 Region              Count  Total (s)   Self (s)    Mean (s)    Min (s)     Max (s)
20220718 165613.670 INFO             PET0   outer_region      1      0.0010      0.0001      0.0010      0.0010      0.0010
20220718 165613.670 INFO             PET0     inner_region_1  10     0.0006      0.0006      0.0001      0.0001      0.0001
20220718 165613.670 INFO             PET0     inner_region_2  10     0.0003      0.0003      0.0000      0.0000      0.0000
