2022-07-16 13:45:24
20220716 141329.824 INFO             PET0 !!!!!!!!!!!!!!!!!!!!!!!!!!!!!!!!!!!!!!!!!!!!!!!!!!!!!!
20220716 141329.824 INFO             PET0 !!! THE ESMF_LOG IS SET TO OUTPUT ALL LOG MESSAGES !!!
20220716 141329.824 INFO             PET0 !!!     THIS MAY CAUSE SLOWDOWN IN PERFORMANCE     !!!
20220716 141329.824 INFO             PET0 !!! FOR PRODUCTION RUNS, USE:                      !!!
20220716 141329.824 INFO             PET0 !!!                   ESMF_LOGKIND_Multi_On_Error  !!!
20220716 141329.824 INFO             PET0 !!!!!!!!!!!!!!!!!!!!!!!!!!!!!!!!!!!!!!!!!!!!!!!!!!!!!!
20220716 141329.824 INFO             PET0 Running with ESMF Version   : v8.4.0b04-2-gc831a7cd4a
20220716 141329.824 INFO             PET0 ESMF library build date/time: "Jul 16 2022" "13:42:31"
20220716 141329.824 INFO             PET0 ESMF library build location : /glade/scratch/dunlap/esmf-test-dev/gfortran_9.1.0_mpt_g_develop/esmf
20220716 141329.824 INFO             PET0 ESMF_COMM                   : mpt
20220716 141329.824 INFO             PET0 ESMF_MOAB                   : enabled
20220716 141329.824 INFO             PET0 ESMF_LAPACK                 : enabled
20220716 141329.824 INFO             PET0 ESMF_NETCDF                 : enabled
20220716 141329.824 INFO             PET0 ESMF_PNETCDF                : disabled
20220716 141329.824 INFO             PET0 ESMF_PIO                    : enabled
20220716 141329.824 INFO             PET0 ESMF_YAMLCPP                : enabled
20220716 141329.824 INFO             PET0  NUMBER_OF_PROCESSORS           2
20220716 141329.824 INFO             PET0  PASS  Example ESMF_VMUserMpiCommEx, ESMF_VMUserMpiCommEx.F90, line 113
20220716 141329.824 INFO             PET0 Finalizing ESMF
20220716 141329.824 INFO             PET1 !!!!!!!!!!!!!!!!!!!!!!!!!!!!!!!!!!!!!!!!!!!!!!!!!!!!!!
20220716 141329.824 INFO             PET1 !!! THE ESMF_LOG IS SET TO OUTPUT ALL LOG MESSAGES !!!
20220716 141329.824 INFO             PET1 !!!     THIS MAY CAUSE SLOWDOWN IN PERFORMANCE     !!!
20220716 141329.824 INFO             PET1 !!! FOR PRODUCTION RUNS, USE:                      !!!
20220716 141329.824 INFO             PET1 !!!                   ESMF_LOGKIND_Multi_On_Error  !!!
20220716 141329.824 INFO             PET1 !!!!!!!!!!!!!!!!!!!!!!!!!!!!!!!!!!!!!!!!!!!!!!!!!!!!!!
20220716 141329.824 INFO             PET1 Running with ESMF Version   : v8.4.0b04-2-gc831a7cd4a
20220716 141329.824 INFO             PET1 ESMF library build date/time: "Jul 16 2022" "13:42:31"
20220716 141329.824 INFO             PET1 ESMF library build location : /glade/scratch/dunlap/esmf-test-dev/gfortran_9.1.0_mpt_g_develop/esmf
20220716 141329.824 INFO             PET1 ESMF_COMM                   : mpt
20220716 141329.824 INFO             PET1 ESMF_MOAB                   : enabled
20220716 141329.824 INFO             PET1 ESMF_LAPACK                 : enabled
20220716 141329.824 INFO             PET1 ESMF_NETCDF                 : enabled
20220716 141329.824 INFO             PET1 ESMF_PNETCDF                : disabled
20220716 141329.824 INFO             PET1 ESMF_PIO                    : enabled
20220716 141329.824 INFO             PET1 ESMF_YAMLCPP                : enabled
20220716 141329.824 INFO             PET1  NUMBER_OF_PROCESSORS           2
20220716 141329.824 INFO             PET1  PASS  Example ESMF_VMUserMpiCommEx, ESMF_VMUserMpiCommEx.F90, line 113
20220716 141329.824 INFO             PET1 Finalizing ESMF
