2022-07-21 21:01:40
20220721 215334.502 INFO             PET0 !!!!!!!!!!!!!!!!!!!!!!!!!!!!!!!!!!!!!!!!!!!!!!!!!!!!!!
20220721 215334.502 INFO             PET0 !!! THE ESMF_LOG IS SET TO OUTPUT ALL LOG MESSAGES !!!
20220721 215334.502 INFO             PET0 !!!     THIS MAY CAUSE SLOWDOWN IN PERFORMANCE     !!!
20220721 215334.502 INFO             PET0 !!! FOR PRODUCTION RUNS, USE:                      !!!
20220721 215334.502 INFO             PET0 !!!                   ESMF_LOGKIND_Multi_On_Error  !!!
20220721 215334.502 INFO             PET0 !!!!!!!!!!!!!!!!!!!!!!!!!!!!!!!!!!!!!!!!!!!!!!!!!!!!!!
20220721 215334.502 INFO             PET0 Running with ESMF Version   : v8.4.0b06-6-g1266599ea8
20220721 215334.502 INFO             PET0 ESMF library build date/time: "Jul 21 2022" "20:59:55"
20220721 215334.502 INFO             PET0 ESMF library build location : /scratch1/NCEPDEV/stmp2/Rocky.Dunlap/esmf-test-dev/intel_18.0.5b_intelmpi_O_develop/esmf
20220721 215334.502 INFO             PET0 ESMF_COMM                   : intelmpi
20220721 215334.503 INFO             PET0 ESMF_MOAB                   : enabled
20220721 215334.503 INFO             PET0 ESMF_LAPACK                 : enabled
20220721 215334.503 INFO             PET0 ESMF_NETCDF                 : enabled
20220721 215334.503 INFO             PET0 ESMF_PNETCDF                : disabled
20220721 215334.503 INFO             PET0 ESMF_PIO                    : enabled
20220721 215334.503 INFO             PET0 ESMF_YAMLCPP                : enabled
20220721 215334.503 INFO             PET0  NUMBER_OF_PROCESSORS           1
20220721 215334.503 INFO             PET0  PASS  Example CalendarEx, ESMF_CalendarEx.F90, line 217
20220721 215334.504 INFO             PET0 Finalizing ESMF
