2022-07-21 12:20:17
20220721 125613.786 INFO             PET0 !!!!!!!!!!!!!!!!!!!!!!!!!!!!!!!!!!!!!!!!!!!!!!!!!!!!!!
20220721 125613.786 INFO             PET0 !!! THE ESMF_LOG IS SET TO OUTPUT ALL LOG MESSAGES !!!
20220721 125613.786 INFO             PET0 !!!     THIS MAY CAUSE SLOWDOWN IN PERFORMANCE     !!!
20220721 125613.786 INFO             PET0 !!! FOR PRODUCTION RUNS, USE:                      !!!
20220721 125613.786 INFO             PET0 !!!                   ESMF_LOGKIND_Multi_On_Error  !!!
20220721 125613.786 INFO             PET0 !!!!!!!!!!!!!!!!!!!!!!!!!!!!!!!!!!!!!!!!!!!!!!!!!!!!!!
20220721 125613.786 INFO             PET0 Running with ESMF Version   : v8.4.0b06-6-g1266599ea8
20220721 125613.786 INFO             PET0 ESMF library build date/time: "Jul 21 2022" "12:17:11"
20220721 125613.786 INFO             PET0 ESMF library build location : /glade/scratch/dunlap/esmf-test-dev/gfortran_10.1.0_openmpi_g_develop/esmf
20220721 125613.786 INFO             PET0 ESMF_COMM                   : openmpi
20220721 125613.786 INFO             PET0 ESMF_MOAB                   : enabled
20220721 125613.786 INFO             PET0 ESMF_LAPACK                 : enabled
20220721 125613.786 INFO             PET0 ESMF_NETCDF                 : enabled
20220721 125613.786 INFO             PET0 ESMF_PNETCDF                : disabled
20220721 125613.786 INFO             PET0 ESMF_PIO                    : enabled
20220721 125613.786 INFO             PET0 ESMF_YAMLCPP                : enabled
20220721 125613.887 DEBUG            PET0 about to destroy Grid: 0x15dfd90
20220721 125613.900 DEBUG            PET0 about to destroy Grid: 0x15e0970
20220721 125613.934 INFO             PET0  NUMBER_OF_PROCESSORS           4
20220721 125613.934 INFO             PET0  PASS  Example ESMF_NUOPCAtmModelEx, ESMF_NUOPCAtmModelEx.F90, line 806
20220721 125613.934 INFO             PET0 Finalizing ESMF
20220721 125613.786 INFO             PET1 !!!!!!!!!!!!!!!!!!!!!!!!!!!!!!!!!!!!!!!!!!!!!!!!!!!!!!
20220721 125613.786 INFO             PET1 !!! THE ESMF_LOG IS SET TO OUTPUT ALL LOG MESSAGES !!!
20220721 125613.786 INFO             PET1 !!!     THIS MAY CAUSE SLOWDOWN IN PERFORMANCE     !!!
20220721 125613.786 INFO             PET1 !!! FOR PRODUCTION RUNS, USE:                      !!!
20220721 125613.786 INFO             PET1 !!!                   ESMF_LOGKIND_Multi_On_Error  !!!
20220721 125613.786 INFO             PET1 !!!!!!!!!!!!!!!!!!!!!!!!!!!!!!!!!!!!!!!!!!!!!!!!!!!!!!
20220721 125613.786 INFO             PET1 Running with ESMF Version   : v8.4.0b06-6-g1266599ea8
20220721 125613.786 INFO             PET1 ESMF library build date/time: "Jul 21 2022" "12:17:11"
20220721 125613.786 INFO             PET1 ESMF library build location : /glade/scratch/dunlap/esmf-test-dev/gfortran_10.1.0_openmpi_g_develop/esmf
20220721 125613.786 INFO             PET1 ESMF_COMM                   : openmpi
20220721 125613.787 INFO             PET1 ESMF_MOAB                   : enabled
20220721 125613.787 INFO             PET1 ESMF_LAPACK                 : enabled
20220721 125613.787 INFO             PET1 ESMF_NETCDF                 : enabled
20220721 125613.787 INFO             PET1 ESMF_PNETCDF                : disabled
20220721 125613.787 INFO             PET1 ESMF_PIO                    : enabled
20220721 125613.787 INFO             PET1 ESMF_YAMLCPP                : enabled
20220721 125613.887 DEBUG            PET1 about to destroy Grid: 0x161a850
20220721 125613.900 DEBUG            PET1 about to destroy Grid: 0x161bab0
20220721 125613.934 INFO             PET1  NUMBER_OF_PROCESSORS           4
20220721 125613.934 INFO             PET1  PASS  Example ESMF_NUOPCAtmModelEx, ESMF_NUOPCAtmModelEx.F90, line 806
20220721 125613.934 INFO             PET1 Finalizing ESMF
20220721 125613.786 INFO             PET2 !!!!!!!!!!!!!!!!!!!!!!!!!!!!!!!!!!!!!!!!!!!!!!!!!!!!!!
20220721 125613.786 INFO             PET2 !!! THE ESMF_LOG IS SET TO OUTPUT ALL LOG MESSAGES !!!
20220721 125613.786 INFO             PET2 !!!     THIS MAY CAUSE SLOWDOWN IN PERFORMANCE     !!!
20220721 125613.786 INFO             PET2 !!! FOR PRODUCTION RUNS, USE:                      !!!
20220721 125613.786 INFO             PET2 !!!                   ESMF_LOGKIND_Multi_On_Error  !!!
20220721 125613.786 INFO             PET2 !!!!!!!!!!!!!!!!!!!!!!!!!!!!!!!!!!!!!!!!!!!!!!!!!!!!!!
20220721 125613.786 INFO             PET2 Running with ESMF Version   : v8.4.0b06-6-g1266599ea8
20220721 125613.786 INFO             PET2 ESMF library build date/time: "Jul 21 2022" "12:17:11"
20220721 125613.786 INFO             PET2 ESMF library build location : /glade/scratch/dunlap/esmf-test-dev/gfortran_10.1.0_openmpi_g_develop/esmf
20220721 125613.786 INFO             PET2 ESMF_COMM                   : openmpi
20220721 125613.786 INFO             PET2 ESMF_MOAB                   : enabled
20220721 125613.786 INFO             PET2 ESMF_LAPACK                 : enabled
20220721 125613.786 INFO             PET2 ESMF_NETCDF                 : enabled
20220721 125613.786 INFO             PET2 ESMF_PNETCDF                : disabled
20220721 125613.786 INFO             PET2 ESMF_PIO                    : enabled
20220721 125613.786 INFO             PET2 ESMF_YAMLCPP                : enabled
20220721 125613.887 DEBUG            PET2 about to destroy Grid: 0x22fa9c0
20220721 125613.900 DEBUG            PET2 about to destroy Grid: 0x22fae70
20220721 125613.934 INFO             PET2  NUMBER_OF_PROCESSORS           4
20220721 125613.934 INFO             PET2  PASS  Example ESMF_NUOPCAtmModelEx, ESMF_NUOPCAtmModelEx.F90, line 806
20220721 125613.934 INFO             PET2 Finalizing ESMF
20220721 125613.787 INFO             PET3 !!!!!!!!!!!!!!!!!!!!!!!!!!!!!!!!!!!!!!!!!!!!!!!!!!!!!!
20220721 125613.787 INFO             PET3 !!! THE ESMF_LOG IS SET TO OUTPUT ALL LOG MESSAGES !!!
20220721 125613.787 INFO             PET3 !!!     THIS MAY CAUSE SLOWDOWN IN PERFORMANCE     !!!
20220721 125613.787 INFO             PET3 !!! FOR PRODUCTION RUNS, USE:                      !!!
20220721 125613.787 INFO             PET3 !!!                   ESMF_LOGKIND_Multi_On_Error  !!!
20220721 125613.787 INFO             PET3 !!!!!!!!!!!!!!!!!!!!!!!!!!!!!!!!!!!!!!!!!!!!!!!!!!!!!!
20220721 125613.787 INFO             PET3 Running with ESMF Version   : v8.4.0b06-6-g1266599ea8
20220721 125613.787 INFO             PET3 ESMF library build date/time: "Jul 21 2022" "12:17:11"
20220721 125613.787 INFO             PET3 ESMF library build location : /glade/scratch/dunlap/esmf-test-dev/gfortran_10.1.0_openmpi_g_develop/esmf
20220721 125613.787 INFO             PET3 ESMF_COMM                   : openmpi
20220721 125613.787 INFO             PET3 ESMF_MOAB                   : enabled
20220721 125613.787 INFO             PET3 ESMF_LAPACK                 : enabled
20220721 125613.787 INFO             PET3 ESMF_NETCDF                 : enabled
20220721 125613.787 INFO             PET3 ESMF_PNETCDF                : disabled
20220721 125613.787 INFO             PET3 ESMF_PIO                    : enabled
20220721 125613.787 INFO             PET3 ESMF_YAMLCPP                : enabled
20220721 125613.887 DEBUG            PET3 about to destroy Grid: 0xf027a0
20220721 125613.900 DEBUG            PET3 about to destroy Grid: 0xf03a90
20220721 125613.934 INFO             PET3  NUMBER_OF_PROCESSORS           4
20220721 125613.934 INFO             PET3  PASS  Example ESMF_NUOPCAtmModelEx, ESMF_NUOPCAtmModelEx.F90, line 806
20220721 125613.934 INFO             PET3 Finalizing ESMF
