2022-07-22 14:31:52
20220722 150146.328 INFO             PET0 !!!!!!!!!!!!!!!!!!!!!!!!!!!!!!!!!!!!!!!!!!!!!!!!!!!!!!
20220722 150146.328 INFO             PET0 !!! THE ESMF_LOG IS SET TO OUTPUT ALL LOG MESSAGES !!!
20220722 150146.328 INFO             PET0 !!!     THIS MAY CAUSE SLOWDOWN IN PERFORMANCE     !!!
20220722 150146.328 INFO             PET0 !!! FOR PRODUCTION RUNS, USE:                      !!!
20220722 150146.328 INFO             PET0 !!!                   ESMF_LOGKIND_Multi_On_Error  !!!
20220722 150146.328 INFO             PET0 !!!!!!!!!!!!!!!!!!!!!!!!!!!!!!!!!!!!!!!!!!!!!!!!!!!!!!
20220722 150146.328 INFO             PET0 Running with ESMF Version   : v8.4.0b07
20220722 150146.328 INFO             PET0 ESMF library build date/time: "Jul 22 2022" "14:30:29"
20220722 150146.328 INFO             PET0 ESMF library build location : /discover/nobackup/projects/sbu/mpotts/esmf-test/gfortran_8.3.0_intelmpi_O_develop/esmf
20220722 150146.328 INFO             PET0 ESMF_COMM                   : intelmpi
20220722 150146.328 INFO             PET0 ESMF_MOAB                   : enabled
20220722 150146.328 INFO             PET0 ESMF_LAPACK                 : enabled
20220722 150146.328 INFO             PET0 ESMF_NETCDF                 : disabled
20220722 150146.328 INFO             PET0 ESMF_PNETCDF                : disabled
20220722 150146.328 INFO             PET0 ESMF_PIO                    : disabled
20220722 150146.328 INFO             PET0 ESMF_YAMLCPP                : enabled
20220722 150146.330 ERROR            PET0 ESMF_StateAPI.cppF90:1189 ESMF_StateAddList Object being used before creation  - Bad Object
20220722 150146.332 INFO             PET0  NUMBER_OF_PROCESSORS           4
20220722 150146.332 INFO             PET0  PASS  Example ESMF_StateReconcileEx, ESMF_StateReconcileEx.F90, line 294
20220722 150146.332 INFO             PET0 Finalizing ESMF
20220722 150146.328 INFO             PET1 !!!!!!!!!!!!!!!!!!!!!!!!!!!!!!!!!!!!!!!!!!!!!!!!!!!!!!
20220722 150146.328 INFO             PET1 !!! THE ESMF_LOG IS SET TO OUTPUT ALL LOG MESSAGES !!!
20220722 150146.328 INFO             PET1 !!!     THIS MAY CAUSE SLOWDOWN IN PERFORMANCE     !!!
20220722 150146.328 INFO             PET1 !!! FOR PRODUCTION RUNS, USE:                      !!!
20220722 150146.328 INFO             PET1 !!!                   ESMF_LOGKIND_Multi_On_Error  !!!
20220722 150146.328 INFO             PET1 !!!!!!!!!!!!!!!!!!!!!!!!!!!!!!!!!!!!!!!!!!!!!!!!!!!!!!
20220722 150146.328 INFO             PET1 Running with ESMF Version   : v8.4.0b07
20220722 150146.328 INFO             PET1 ESMF library build date/time: "Jul 22 2022" "14:30:29"
20220722 150146.328 INFO             PET1 ESMF library build location : /discover/nobackup/projects/sbu/mpotts/esmf-test/gfortran_8.3.0_intelmpi_O_develop/esmf
20220722 150146.328 INFO             PET1 ESMF_COMM                   : intelmpi
20220722 150146.328 INFO             PET1 ESMF_MOAB                   : enabled
20220722 150146.328 INFO             PET1 ESMF_LAPACK                 : enabled
20220722 150146.328 INFO             PET1 ESMF_NETCDF                 : disabled
20220722 150146.328 INFO             PET1 ESMF_PNETCDF                : disabled
20220722 150146.328 INFO             PET1 ESMF_PIO                    : disabled
20220722 150146.328 INFO             PET1 ESMF_YAMLCPP                : enabled
20220722 150146.330 ERROR            PET1 ESMF_StateAPI.cppF90:1189 ESMF_StateAddList Object being used before creation  - Bad Object
20220722 150146.331 INFO             PET1  NUMBER_OF_PROCESSORS           4
20220722 150146.331 INFO             PET1  PASS  Example ESMF_StateReconcileEx, ESMF_StateReconcileEx.F90, line 294
20220722 150146.331 INFO             PET1 Finalizing ESMF
20220722 150146.328 INFO             PET2 !!!!!!!!!!!!!!!!!!!!!!!!!!!!!!!!!!!!!!!!!!!!!!!!!!!!!!
20220722 150146.328 INFO             PET2 !!! THE ESMF_LOG IS SET TO OUTPUT ALL LOG MESSAGES !!!
20220722 150146.328 INFO             PET2 !!!     THIS MAY CAUSE SLOWDOWN IN PERFORMANCE     !!!
20220722 150146.328 INFO             PET2 !!! FOR PRODUCTION RUNS, USE:                      !!!
20220722 150146.328 INFO             PET2 !!!                   ESMF_LOGKIND_Multi_On_Error  !!!
20220722 150146.328 INFO             PET2 !!!!!!!!!!!!!!!!!!!!!!!!!!!!!!!!!!!!!!!!!!!!!!!!!!!!!!
20220722 150146.328 INFO             PET2 Running with ESMF Version   : v8.4.0b07
20220722 150146.328 INFO             PET2 ESMF library build date/time: "Jul 22 2022" "14:30:29"
20220722 150146.328 INFO             PET2 ESMF library build location : /discover/nobackup/projects/sbu/mpotts/esmf-test/gfortran_8.3.0_intelmpi_O_develop/esmf
20220722 150146.328 INFO             PET2 ESMF_COMM                   : intelmpi
20220722 150146.329 INFO             PET2 ESMF_MOAB                   : enabled
20220722 150146.329 INFO             PET2 ESMF_LAPACK                 : enabled
20220722 150146.329 INFO             PET2 ESMF_NETCDF                 : disabled
20220722 150146.329 INFO             PET2 ESMF_PNETCDF                : disabled
20220722 150146.329 INFO             PET2 ESMF_PIO                    : disabled
20220722 150146.329 INFO             PET2 ESMF_YAMLCPP                : enabled
20220722 150146.330 ERROR            PET2 ESMF_StateAPI.cppF90:1189 ESMF_StateAddList Object being used before creation  - Bad Object
20220722 150146.331 INFO             PET2  NUMBER_OF_PROCESSORS           4
20220722 150146.331 INFO             PET2  PASS  Example ESMF_StateReconcileEx, ESMF_StateReconcileEx.F90, line 294
20220722 150146.331 INFO             PET2 Finalizing ESMF
20220722 150146.329 INFO             PET3 !!!!!!!!!!!!!!!!!!!!!!!!!!!!!!!!!!!!!!!!!!!!!!!!!!!!!!
20220722 150146.329 INFO             PET3 !!! THE ESMF_LOG IS SET TO OUTPUT ALL LOG MESSAGES !!!
20220722 150146.329 INFO             PET3 !!!     THIS MAY CAUSE SLOWDOWN IN PERFORMANCE     !!!
20220722 150146.329 INFO             PET3 !!! FOR PRODUCTION RUNS, USE:                      !!!
20220722 150146.329 INFO             PET3 !!!                   ESMF_LOGKIND_Multi_On_Error  !!!
20220722 150146.329 INFO             PET3 !!!!!!!!!!!!!!!!!!!!!!!!!!!!!!!!!!!!!!!!!!!!!!!!!!!!!!
20220722 150146.329 INFO             PET3 Running with ESMF Version   : v8.4.0b07
20220722 150146.329 INFO             PET3 ESMF library build date/time: "Jul 22 2022" "14:30:29"
20220722 150146.329 INFO             PET3 ESMF library build location : /discover/nobackup/projects/sbu/mpotts/esmf-test/gfortran_8.3.0_intelmpi_O_develop/esmf
20220722 150146.329 INFO             PET3 ESMF_COMM                   : intelmpi
20220722 150146.329 INFO             PET3 ESMF_MOAB                   : enabled
20220722 150146.329 INFO             PET3 ESMF_LAPACK                 : enabled
20220722 150146.329 INFO             PET3 ESMF_NETCDF                 : disabled
20220722 150146.329 INFO             PET3 ESMF_PNETCDF                : disabled
20220722 150146.329 INFO             PET3 ESMF_PIO                    : disabled
20220722 150146.329 INFO             PET3 ESMF_YAMLCPP                : enabled
20220722 150146.330 ERROR            PET3 ESMF_StateAPI.cppF90:1189 ESMF_StateAddList Object being used before creation  - Bad Object
20220722 150146.331 INFO             PET3  NUMBER_OF_PROCESSORS           4
20220722 150146.331 INFO             PET3  PASS  Example ESMF_StateReconcileEx, ESMF_StateReconcileEx.F90, line 294
20220722 150146.331 INFO             PET3 Finalizing ESMF
