2022-07-22 14:31:52
20220722 150206.649 INFO             PET0 !!!!!!!!!!!!!!!!!!!!!!!!!!!!!!!!!!!!!!!!!!!!!!!!!!!!!!
20220722 150206.650 INFO             PET0 !!! THE ESMF_LOG IS SET TO OUTPUT ALL LOG MESSAGES !!!
20220722 150206.650 INFO             PET0 !!!     THIS MAY CAUSE SLOWDOWN IN PERFORMANCE     !!!
20220722 150206.650 INFO             PET0 !!! FOR PRODUCTION RUNS, USE:                      !!!
20220722 150206.650 INFO             PET0 !!!                   ESMF_LOGKIND_Multi_On_Error  !!!
20220722 150206.650 INFO             PET0 !!!!!!!!!!!!!!!!!!!!!!!!!!!!!!!!!!!!!!!!!!!!!!!!!!!!!!
20220722 150206.650 INFO             PET0 Running with ESMF Version   : v8.4.0b07
20220722 150206.650 INFO             PET0 ESMF library build date/time: "Jul 22 2022" "14:30:29"
20220722 150206.650 INFO             PET0 ESMF library build location : /discover/nobackup/projects/sbu/mpotts/esmf-test/gfortran_8.3.0_intelmpi_O_develop/esmf
20220722 150206.650 INFO             PET0 ESMF_COMM                   : intelmpi
20220722 150206.650 INFO             PET0 ESMF_MOAB                   : enabled
20220722 150206.650 INFO             PET0 ESMF_LAPACK                 : enabled
20220722 150206.650 INFO             PET0 ESMF_NETCDF                 : disabled
20220722 150206.650 INFO             PET0 ESMF_PNETCDF                : disabled
20220722 150206.650 INFO             PET0 ESMF_PIO                    : disabled
20220722 150206.650 INFO             PET0 ESMF_YAMLCPP                : enabled
20220722 150206.683 DEBUG            PET0 about to destroy Grid: 0x85b8a0
20220722 150206.686 DEBUG            PET0 about to destroy Grid: 0x85cd10
20220722 150206.696 INFO             PET0  NUMBER_OF_PROCESSORS           4
20220722 150206.696 INFO             PET0  PASS  Example ESMF_NUOPCAtmModelEx, ESMF_NUOPCAtmModelEx.F90, line 806
20220722 150206.696 INFO             PET0 Finalizing ESMF
20220722 150206.649 INFO             PET1 !!!!!!!!!!!!!!!!!!!!!!!!!!!!!!!!!!!!!!!!!!!!!!!!!!!!!!
20220722 150206.649 INFO             PET1 !!! THE ESMF_LOG IS SET TO OUTPUT ALL LOG MESSAGES !!!
20220722 150206.649 INFO             PET1 !!!     THIS MAY CAUSE SLOWDOWN IN PERFORMANCE     !!!
20220722 150206.649 INFO             PET1 !!! FOR PRODUCTION RUNS, USE:                      !!!
20220722 150206.649 INFO             PET1 !!!                   ESMF_LOGKIND_Multi_On_Error  !!!
20220722 150206.649 INFO             PET1 !!!!!!!!!!!!!!!!!!!!!!!!!!!!!!!!!!!!!!!!!!!!!!!!!!!!!!
20220722 150206.649 INFO             PET1 Running with ESMF Version   : v8.4.0b07
20220722 150206.649 INFO             PET1 ESMF library build date/time: "Jul 22 2022" "14:30:29"
20220722 150206.649 INFO             PET1 ESMF library build location : /discover/nobackup/projects/sbu/mpotts/esmf-test/gfortran_8.3.0_intelmpi_O_develop/esmf
20220722 150206.649 INFO             PET1 ESMF_COMM                   : intelmpi
20220722 150206.650 INFO             PET1 ESMF_MOAB                   : enabled
20220722 150206.650 INFO             PET1 ESMF_LAPACK                 : enabled
20220722 150206.650 INFO             PET1 ESMF_NETCDF                 : disabled
20220722 150206.650 INFO             PET1 ESMF_PNETCDF                : disabled
20220722 150206.650 INFO             PET1 ESMF_PIO                    : disabled
20220722 150206.650 INFO             PET1 ESMF_YAMLCPP                : enabled
20220722 150206.683 DEBUG            PET1 about to destroy Grid: 0x85c0f0
20220722 150206.686 DEBUG            PET1 about to destroy Grid: 0x85d280
20220722 150206.696 INFO             PET1  NUMBER_OF_PROCESSORS           4
20220722 150206.696 INFO             PET1  PASS  Example ESMF_NUOPCAtmModelEx, ESMF_NUOPCAtmModelEx.F90, line 806
20220722 150206.696 INFO             PET1 Finalizing ESMF
20220722 150206.650 INFO             PET2 !!!!!!!!!!!!!!!!!!!!!!!!!!!!!!!!!!!!!!!!!!!!!!!!!!!!!!
20220722 150206.650 INFO             PET2 !!! THE ESMF_LOG IS SET TO OUTPUT ALL LOG MESSAGES !!!
20220722 150206.650 INFO             PET2 !!!     THIS MAY CAUSE SLOWDOWN IN PERFORMANCE     !!!
20220722 150206.650 INFO             PET2 !!! FOR PRODUCTION RUNS, USE:                      !!!
20220722 150206.650 INFO             PET2 !!!                   ESMF_LOGKIND_Multi_On_Error  !!!
20220722 150206.650 INFO             PET2 !!!!!!!!!!!!!!!!!!!!!!!!!!!!!!!!!!!!!!!!!!!!!!!!!!!!!!
20220722 150206.650 INFO             PET2 Running with ESMF Version   : v8.4.0b07
20220722 150206.650 INFO             PET2 ESMF library build date/time: "Jul 22 2022" "14:30:29"
20220722 150206.650 INFO             PET2 ESMF library build location : /discover/nobackup/projects/sbu/mpotts/esmf-test/gfortran_8.3.0_intelmpi_O_develop/esmf
20220722 150206.650 INFO             PET2 ESMF_COMM                   : intelmpi
20220722 150206.650 INFO             PET2 ESMF_MOAB                   : enabled
20220722 150206.650 INFO             PET2 ESMF_LAPACK                 : enabled
20220722 150206.650 INFO             PET2 ESMF_NETCDF                 : disabled
20220722 150206.650 INFO             PET2 ESMF_PNETCDF                : disabled
20220722 150206.650 INFO             PET2 ESMF_PIO                    : disabled
20220722 150206.650 INFO             PET2 ESMF_YAMLCPP                : enabled
20220722 150206.683 DEBUG            PET2 about to destroy Grid: 0x85b7b0
20220722 150206.686 DEBUG            PET2 about to destroy Grid: 0x85ca10
20220722 150206.697 INFO             PET2  NUMBER_OF_PROCESSORS           4
20220722 150206.697 INFO             PET2  PASS  Example ESMF_NUOPCAtmModelEx, ESMF_NUOPCAtmModelEx.F90, line 806
20220722 150206.697 INFO             PET2 Finalizing ESMF
20220722 150206.650 INFO             PET3 !!!!!!!!!!!!!!!!!!!!!!!!!!!!!!!!!!!!!!!!!!!!!!!!!!!!!!
20220722 150206.650 INFO             PET3 !!! THE ESMF_LOG IS SET TO OUTPUT ALL LOG MESSAGES !!!
20220722 150206.650 INFO             PET3 !!!     THIS MAY CAUSE SLOWDOWN IN PERFORMANCE     !!!
20220722 150206.650 INFO             PET3 !!! FOR PRODUCTION RUNS, USE:                      !!!
20220722 150206.650 INFO             PET3 !!!                   ESMF_LOGKIND_Multi_On_Error  !!!
20220722 150206.650 INFO             PET3 !!!!!!!!!!!!!!!!!!!!!!!!!!!!!!!!!!!!!!!!!!!!!!!!!!!!!!
20220722 150206.650 INFO             PET3 Running with ESMF Version   : v8.4.0b07
20220722 150206.650 INFO             PET3 ESMF library build date/time: "Jul 22 2022" "14:30:29"
20220722 150206.650 INFO             PET3 ESMF library build location : /discover/nobackup/projects/sbu/mpotts/esmf-test/gfortran_8.3.0_intelmpi_O_develop/esmf
20220722 150206.650 INFO             PET3 ESMF_COMM                   : intelmpi
20220722 150206.650 INFO             PET3 ESMF_MOAB                   : enabled
20220722 150206.650 INFO             PET3 ESMF_LAPACK                 : enabled
20220722 150206.650 INFO             PET3 ESMF_NETCDF                 : disabled
20220722 150206.650 INFO             PET3 ESMF_PNETCDF                : disabled
20220722 150206.650 INFO             PET3 ESMF_PIO                    : disabled
20220722 150206.650 INFO             PET3 ESMF_YAMLCPP                : enabled
20220722 150206.683 DEBUG            PET3 about to destroy Grid: 0x85b950
20220722 150206.686 DEBUG            PET3 about to destroy Grid: 0x85c9e0
20220722 150206.696 INFO             PET3  NUMBER_OF_PROCESSORS           4
20220722 150206.696 INFO             PET3  PASS  Example ESMF_NUOPCAtmModelEx, ESMF_NUOPCAtmModelEx.F90, line 806
20220722 150206.696 INFO             PET3 Finalizing ESMF
