2022-07-22 14:31:52
20220722 150001.905 INFO             PET0 !!!!!!!!!!!!!!!!!!!!!!!!!!!!!!!!!!!!!!!!!!!!!!!!!!!!!!
20220722 150001.905 INFO             PET0 !!! THE ESMF_LOG IS SET TO OUTPUT ALL LOG MESSAGES !!!
20220722 150001.905 INFO             PET0 !!!     THIS MAY CAUSE SLOWDOWN IN PERFORMANCE     !!!
20220722 150001.905 INFO             PET0 !!! FOR PRODUCTION RUNS, USE:                      !!!
20220722 150001.905 INFO             PET0 !!!                   ESMF_LOGKIND_Multi_On_Error  !!!
20220722 150001.905 INFO             PET0 !!!!!!!!!!!!!!!!!!!!!!!!!!!!!!!!!!!!!!!!!!!!!!!!!!!!!!
20220722 150001.905 INFO             PET0 Running with ESMF Version   : v8.4.0b07
20220722 150001.905 INFO             PET0 ESMF library build date/time: "Jul 22 2022" "14:30:29"
20220722 150001.905 INFO             PET0 ESMF library build location : /discover/nobackup/projects/sbu/mpotts/esmf-test/gfortran_8.3.0_intelmpi_O_develop/esmf
20220722 150001.905 INFO             PET0 ESMF_COMM                   : intelmpi
20220722 150001.905 INFO             PET0 ESMF_MOAB                   : enabled
20220722 150001.905 INFO             PET0 ESMF_LAPACK                 : enabled
20220722 150001.905 INFO             PET0 ESMF_NETCDF                 : disabled
20220722 150001.905 INFO             PET0 ESMF_PNETCDF                : disabled
20220722 150001.905 INFO             PET0 ESMF_PIO                    : disabled
20220722 150001.905 INFO             PET0 ESMF_YAMLCPP                : enabled
20220722 150001.905 INFO             PET0  NUMBER_OF_PROCESSORS           1
20220722 150001.905 INFO             PET0  PASS  Example CalendarEx, ESMF_CalendarEx.F90, line 217
20220722 150001.905 INFO             PET0 Finalizing ESMF
