2022-07-16 14:31:30
20220716 145628.637 INFO             PET0 !!!!!!!!!!!!!!!!!!!!!!!!!!!!!!!!!!!!!!!!!!!!!!!!!!!!!!
20220716 145628.637 INFO             PET0 !!! THE ESMF_LOG IS SET TO OUTPUT ALL LOG MESSAGES !!!
20220716 145628.637 INFO             PET0 !!!     THIS MAY CAUSE SLOWDOWN IN PERFORMANCE     !!!
20220716 145628.637 INFO             PET0 !!! FOR PRODUCTION RUNS, USE:                      !!!
20220716 145628.637 INFO             PET0 !!!                   ESMF_LOGKIND_Multi_On_Error  !!!
20220716 145628.637 INFO             PET0 !!!!!!!!!!!!!!!!!!!!!!!!!!!!!!!!!!!!!!!!!!!!!!!!!!!!!!
20220716 145628.637 INFO             PET0 Running with ESMF Version   : v8.4.0b04-2-gc831a7cd4a
20220716 145628.637 INFO             PET0 ESMF library build date/time: "Jul 16 2022" "14:29:38"
20220716 145628.637 INFO             PET0 ESMF library build location : /glade/scratch/dunlap/esmf-test-dev/gfortran_10.1.0_mpt_O_develop/esmf
20220716 145628.637 INFO             PET0 ESMF_COMM                   : mpt
20220716 145628.638 INFO             PET0 ESMF_MOAB                   : enabled
20220716 145628.638 INFO             PET0 ESMF_LAPACK                 : enabled
20220716 145628.638 INFO             PET0 ESMF_NETCDF                 : enabled
20220716 145628.638 INFO             PET0 ESMF_PNETCDF                : disabled
20220716 145628.638 INFO             PET0 ESMF_PIO                    : enabled
20220716 145628.638 INFO             PET0 ESMF_YAMLCPP                : enabled
20220716 145628.640 INFO             PET0  NUMBER_OF_PROCESSORS           1
20220716 145628.640 INFO             PET0  PASS  Example ESMF_XGridSparseMatEx, ESMF_XGridSparseMatEx.F90, line 642
20220716 145628.640 INFO             PET0 Finalizing ESMF
