2022-07-21 12:18:52
20220721 124337.630 INFO             PET0 !!!!!!!!!!!!!!!!!!!!!!!!!!!!!!!!!!!!!!!!!!!!!!!!!!!!!!
20220721 124337.630 INFO             PET0 !!! THE ESMF_LOG IS SET TO OUTPUT ALL LOG MESSAGES !!!
20220721 124337.630 INFO             PET0 !!!     THIS MAY CAUSE SLOWDOWN IN PERFORMANCE     !!!
20220721 124337.630 INFO             PET0 !!! FOR PRODUCTION RUNS, USE:                      !!!
20220721 124337.630 INFO             PET0 !!!                   ESMF_LOGKIND_Multi_On_Error  !!!
20220721 124337.630 INFO             PET0 !!!!!!!!!!!!!!!!!!!!!!!!!!!!!!!!!!!!!!!!!!!!!!!!!!!!!!
20220721 124337.630 INFO             PET0 Running with ESMF Version   : v8.4.0b06-6-g1266599ea8
20220721 124337.631 INFO             PET0 ESMF library build date/time: "Jul 21 2022" "12:16:59"
20220721 124337.631 INFO             PET0 ESMF library build location : /glade/scratch/dunlap/esmf-test-dev/gfortran_10.1.0_mpt_O_develop/esmf
20220721 124337.631 INFO             PET0 ESMF_COMM                   : mpt
20220721 124337.631 INFO             PET0 ESMF_MOAB                   : enabled
20220721 124337.631 INFO             PET0 ESMF_LAPACK                 : enabled
20220721 124337.631 INFO             PET0 ESMF_NETCDF                 : enabled
20220721 124337.631 INFO             PET0 ESMF_PNETCDF                : disabled
20220721 124337.631 INFO             PET0 ESMF_PIO                    : enabled
20220721 124337.631 INFO             PET0 ESMF_YAMLCPP                : enabled
20220721 124337.632 INFO             PET0  NUMBER_OF_PROCESSORS           4
20220721 124337.632 INFO             PET0  PASS  Example ESMF_VMUserMpiCommMultiEx, ESMF_VMUserMpiCommMultiEx.F90, line 126
20220721 124337.632 INFO             PET0 Finalizing ESMF
20220721 124337.630 INFO             PET0 !!!!!!!!!!!!!!!!!!!!!!!!!!!!!!!!!!!!!!!!!!!!!!!!!!!!!!
20220721 124337.630 INFO             PET0 !!! THE ESMF_LOG IS SET TO OUTPUT ALL LOG MESSAGES !!!
20220721 124337.630 INFO             PET0 !!!     THIS MAY CAUSE SLOWDOWN IN PERFORMANCE     !!!
20220721 124337.630 INFO             PET0 !!! FOR PRODUCTION RUNS, USE:                      !!!
20220721 124337.630 INFO             PET0 !!!                   ESMF_LOGKIND_Multi_On_Error  !!!
20220721 124337.630 INFO             PET0 !!!!!!!!!!!!!!!!!!!!!!!!!!!!!!!!!!!!!!!!!!!!!!!!!!!!!!
20220721 124337.630 INFO             PET0 Running with ESMF Version   : v8.4.0b06-6-g1266599ea8
20220721 124337.630 INFO             PET0 ESMF library build date/time: "Jul 21 2022" "12:16:59"
20220721 124337.630 INFO             PET0 ESMF library build location : /glade/scratch/dunlap/esmf-test-dev/gfortran_10.1.0_mpt_O_develop/esmf
20220721 124337.630 INFO             PET0 ESMF_COMM                   : mpt
20220721 124337.630 INFO             PET0 ESMF_MOAB                   : enabled
20220721 124337.630 INFO             PET0 ESMF_LAPACK                 : enabled
20220721 124337.630 INFO             PET0 ESMF_NETCDF                 : enabled
20220721 124337.630 INFO             PET0 ESMF_PNETCDF                : disabled
20220721 124337.630 INFO             PET0 ESMF_PIO                    : enabled
20220721 124337.630 INFO             PET0 ESMF_YAMLCPP                : enabled
20220721 124337.631 INFO             PET0  NUMBER_OF_PROCESSORS           4
20220721 124337.631 INFO             PET0  PASS  Example ESMF_VMUserMpiCommMultiEx, ESMF_VMUserMpiCommMultiEx.F90, line 154
20220721 124337.631 INFO             PET0 Finalizing ESMF
20220721 124337.631 INFO             PET1 !!!!!!!!!!!!!!!!!!!!!!!!!!!!!!!!!!!!!!!!!!!!!!!!!!!!!!
20220721 124337.631 INFO             PET1 !!! THE ESMF_LOG IS SET TO OUTPUT ALL LOG MESSAGES !!!
20220721 124337.631 INFO             PET1 !!!     THIS MAY CAUSE SLOWDOWN IN PERFORMANCE     !!!
20220721 124337.631 INFO             PET1 !!! FOR PRODUCTION RUNS, USE:                      !!!
20220721 124337.631 INFO             PET1 !!!                   ESMF_LOGKIND_Multi_On_Error  !!!
20220721 124337.631 INFO             PET1 !!!!!!!!!!!!!!!!!!!!!!!!!!!!!!!!!!!!!!!!!!!!!!!!!!!!!!
20220721 124337.631 INFO             PET1 Running with ESMF Version   : v8.4.0b06-6-g1266599ea8
20220721 124337.631 INFO             PET1 ESMF library build date/time: "Jul 21 2022" "12:16:59"
20220721 124337.631 INFO             PET1 ESMF library build location : /glade/scratch/dunlap/esmf-test-dev/gfortran_10.1.0_mpt_O_develop/esmf
20220721 124337.631 INFO             PET1 ESMF_COMM                   : mpt
20220721 124337.631 INFO             PET1 ESMF_MOAB                   : enabled
20220721 124337.631 INFO             PET1 ESMF_LAPACK                 : enabled
20220721 124337.631 INFO             PET1 ESMF_NETCDF                 : enabled
20220721 124337.631 INFO             PET1 ESMF_PNETCDF                : disabled
20220721 124337.631 INFO             PET1 ESMF_PIO                    : enabled
20220721 124337.631 INFO             PET1 ESMF_YAMLCPP                : enabled
20220721 124337.632 INFO             PET1  NUMBER_OF_PROCESSORS           4
20220721 124337.632 INFO             PET1  PASS  Example ESMF_VMUserMpiCommMultiEx, ESMF_VMUserMpiCommMultiEx.F90, line 126
20220721 124337.632 INFO             PET1 Finalizing ESMF
20220721 124337.631 INFO             PET1 !!!!!!!!!!!!!!!!!!!!!!!!!!!!!!!!!!!!!!!!!!!!!!!!!!!!!!
20220721 124337.631 INFO             PET1 !!! THE ESMF_LOG IS SET TO OUTPUT ALL LOG MESSAGES !!!
20220721 124337.631 INFO             PET1 !!!     THIS MAY CAUSE SLOWDOWN IN PERFORMANCE     !!!
20220721 124337.631 INFO             PET1 !!! FOR PRODUCTION RUNS, USE:                      !!!
20220721 124337.631 INFO             PET1 !!!                   ESMF_LOGKIND_Multi_On_Error  !!!
20220721 124337.631 INFO             PET1 !!!!!!!!!!!!!!!!!!!!!!!!!!!!!!!!!!!!!!!!!!!!!!!!!!!!!!
20220721 124337.631 INFO             PET1 Running with ESMF Version   : v8.4.0b06-6-g1266599ea8
20220721 124337.631 INFO             PET1 ESMF library build date/time: "Jul 21 2022" "12:16:59"
20220721 124337.631 INFO             PET1 ESMF library build location : /glade/scratch/dunlap/esmf-test-dev/gfortran_10.1.0_mpt_O_develop/esmf
20220721 124337.631 INFO             PET1 ESMF_COMM                   : mpt
20220721 124337.631 INFO             PET1 ESMF_MOAB                   : enabled
20220721 124337.631 INFO             PET1 ESMF_LAPACK                 : enabled
20220721 124337.631 INFO             PET1 ESMF_NETCDF                 : enabled
20220721 124337.631 INFO             PET1 ESMF_PNETCDF                : disabled
20220721 124337.631 INFO             PET1 ESMF_PIO                    : enabled
20220721 124337.631 INFO             PET1 ESMF_YAMLCPP                : enabled
20220721 124337.631 INFO             PET1  NUMBER_OF_PROCESSORS           4
20220721 124337.631 INFO             PET1  PASS  Example ESMF_VMUserMpiCommMultiEx, ESMF_VMUserMpiCommMultiEx.F90, line 154
20220721 124337.631 INFO             PET1 Finalizing ESMF
