2022-07-26 17:10:51
20220726 173910.022 INFO             PET0 !!!!!!!!!!!!!!!!!!!!!!!!!!!!!!!!!!!!!!!!!!!!!!!!!!!!!!
20220726 173910.022 INFO             PET0 !!! THE ESMF_LOG IS SET TO OUTPUT ALL LOG MESSAGES !!!
20220726 173910.022 INFO             PET0 !!!     THIS MAY CAUSE SLOWDOWN IN PERFORMANCE     !!!
20220726 173910.022 INFO             PET0 !!! FOR PRODUCTION RUNS, USE:                      !!!
20220726 173910.022 INFO             PET0 !!!                   ESMF_LOGKIND_Multi_On_Error  !!!
20220726 173910.022 INFO             PET0 !!!!!!!!!!!!!!!!!!!!!!!!!!!!!!!!!!!!!!!!!!!!!!!!!!!!!!
20220726 173910.022 INFO             PET0 Running with ESMF Version   : v8.4.0b07-5-g2f295f71be
20220726 173910.022 INFO             PET0 ESMF library build date/time: "Jul 26 2022" "17:08:51"
20220726 173910.022 INFO             PET0 ESMF library build location : /glade/scratch/dunlap/esmf-test-dev/gfortran_7.4.0_openmpi_O_develop/esmf
20220726 173910.022 INFO             PET0 ESMF_COMM                   : openmpi
20220726 173910.022 INFO             PET0 ESMF_MOAB                   : enabled
20220726 173910.022 INFO             PET0 ESMF_LAPACK                 : enabled
20220726 173910.022 INFO             PET0 ESMF_NETCDF                 : enabled
20220726 173910.022 INFO             PET0 ESMF_PNETCDF                : disabled
20220726 173910.022 INFO             PET0 ESMF_PIO                    : enabled
20220726 173910.022 INFO             PET0 ESMF_YAMLCPP                : enabled
20220726 173910.023 INFO             PET0  NUMBER_OF_PROCESSORS           2
20220726 173910.023 INFO             PET0  PASS  Example ESMF_VMUserMpiCommEx, ESMF_VMUserMpiCommEx.F90, line 113
20220726 173910.023 INFO             PET0 Finalizing ESMF
20220726 173910.022 INFO             PET1 !!!!!!!!!!!!!!!!!!!!!!!!!!!!!!!!!!!!!!!!!!!!!!!!!!!!!!
20220726 173910.022 INFO             PET1 !!! THE ESMF_LOG IS SET TO OUTPUT ALL LOG MESSAGES !!!
20220726 173910.022 INFO             PET1 !!!     THIS MAY CAUSE SLOWDOWN IN PERFORMANCE     !!!
20220726 173910.022 INFO             PET1 !!! FOR PRODUCTION RUNS, USE:                      !!!
20220726 173910.022 INFO             PET1 !!!                   ESMF_LOGKIND_Multi_On_Error  !!!
20220726 173910.022 INFO             PET1 !!!!!!!!!!!!!!!!!!!!!!!!!!!!!!!!!!!!!!!!!!!!!!!!!!!!!!
20220726 173910.022 INFO             PET1 Running with ESMF Version   : v8.4.0b07-5-g2f295f71be
20220726 173910.022 INFO             PET1 ESMF library build date/time: "Jul 26 2022" "17:08:51"
20220726 173910.022 INFO             PET1 ESMF library build location : /glade/scratch/dunlap/esmf-test-dev/gfortran_7.4.0_openmpi_O_develop/esmf
20220726 173910.022 INFO             PET1 ESMF_COMM                   : openmpi
20220726 173910.023 INFO             PET1 ESMF_MOAB                   : enabled
20220726 173910.023 INFO             PET1 ESMF_LAPACK                 : enabled
20220726 173910.023 INFO             PET1 ESMF_NETCDF                 : enabled
20220726 173910.023 INFO             PET1 ESMF_PNETCDF                : disabled
20220726 173910.023 INFO             PET1 ESMF_PIO                    : enabled
20220726 173910.023 INFO             PET1 ESMF_YAMLCPP                : enabled
20220726 173910.023 INFO             PET1  NUMBER_OF_PROCESSORS           2
20220726 173910.023 INFO             PET1  PASS  Example ESMF_VMUserMpiCommEx, ESMF_VMUserMpiCommEx.F90, line 113
20220726 173910.023 INFO             PET1 Finalizing ESMF
