2022-07-21 20:17:24
[1658435800.493861] [h12c06:118211:0]         mxm.c:196  MXM  WARN  The 'ulimit -s' on the system is set to 'unlimited'. This may have negative performance implications. Please set the stack size to the default value (10240) 
[1658435800.494039] [h12c06:118208:0]         mxm.c:196  MXM  WARN  The 'ulimit -s' on the system is set to 'unlimited'. This may have negative performance implications. Please set the stack size to the default value (10240) 
[1658435800.494066] [h12c06:118209:0]         mxm.c:196  MXM  WARN  The 'ulimit -s' on the system is set to 'unlimited'. This may have negative performance implications. Please set the stack size to the default value (10240) 
[1658435800.493981] [h12c06:118210:0]         mxm.c:196  MXM  WARN  The 'ulimit -s' on the system is set to 'unlimited'. This may have negative performance implications. Please set the stack size to the default value (10240) 
[1658435800.499275] [h12c06:118211:0]         mxm.c:196  MXM  WARN  The 'ulimit -s' on the system is set to 'unlimited'. This may have negative performance implications. Please set the stack size to the default value (10240) 
[1658435800.499590] [h12c06:118210:0]         mxm.c:196  MXM  WARN  The 'ulimit -s' on the system is set to 'unlimited'. This may have negative performance implications. Please set the stack size to the default value (10240) 
[1658435800.499700] [h12c06:118209:0]         mxm.c:196  MXM  WARN  The 'ulimit -s' on the system is set to 'unlimited'. This may have negative performance implications. Please set the stack size to the default value (10240) 
[1658435800.499740] [h12c06:118208:0]         mxm.c:196  MXM  WARN  The 'ulimit -s' on the system is set to 'unlimited'. This may have negative performance implications. Please set the stack size to the default value (10240) 
 State Example 1: Import State
 State Example 1: Import State
 State Example 1: Import State
 State Example 1: Import State
 State Create returned, name = Atmosphere
 State Example 1 finished
 State Example 2: Export State
 State Create returned, name = Ocean
 State Create returned, name = Atmosphere
 State Example 1 finished
 State Example 2: Export State
 State Create returned, name = Ocean
 State Create returned, name = Atmosphere
 State Example 1 finished
 State Example 2: Export State
 State Create returned, name = Ocean
 FieldBundle Create returned           0
 State Create returned, name = Atmosphere
 State Example 1 finished
 State Example 2: Export State
 State Create returned, name = Ocean
 FieldBundle Create returned           0
 FieldBundle Create returned           0
 FieldBundle Create returned           0
 StateAdd returned           0
 StateAdd returned           0
 StateAdd returned           0
 StateAdd returned           0
 State Destroy returned           0
 FieldBundle Destroy returned           0
 State Example 2 finished
 State Destroy returned           0
 FieldBundle Destroy returned           0
 State Destroy returned           0
 FieldBundle Destroy returned           0
 State Example 2 finished
 State Example 3: Export State with Placeholder
 State Destroy returned           0
 FieldBundle Destroy returned           0
 State Example 2 finished
 State Example 3: Export State with Placeholder
 State Create returned           0  name = Ocean
 State Example 2 finished
 State Example 3: Export State with Placeholder
 State Create returned           0  name = Ocean
 State Example 3: Export State with Placeholder
 State Create returned           0  name = Ocean
 State Create returned           0  name = Ocean
 AttributeSet returned           0  name = Downward wind:needed
 AttributeSet returned           0  name = Downward wind:needed
 AttributeSet returned           0  name = Downward wind:needed
 AttributeSet returned           0  name = Downward wind:needed
 AttributeSet returned           0  name = Humidity:needed
 State Example 3 finished
 State Example 4: Get/Set Needed flags in Export State
 AttributeSet returned           0  name = Humidity:needed
 State Example 3 finished
 State Example 4: Get/Set Needed flags in Export State
 AttributeSet returned           0
 State Example 5: Get/Set Needed flags in Export State, continued
 AttributeSet returned           0  name = Humidity:needed
 State Example 3 finished
 State Example 4: Get/Set Needed flags in Export State
 AttributeSet returned           0
 State Example 5: Get/Set Needed flags in Export State, continued
 AttributeSet returned           0  name = Humidity:needed
 State Example 3 finished
 State Example 4: Get/Set Needed flags in Export State
 AttributeSet returned           0
 State Example 5: Get/Set Needed flags in Export State, continued
 AttributeSet returned           0
 State Example 5: Get/Set Needed flags in Export State, continued
 FieldBundle Create returned           0 name = Downward wind:needed
 StateAdd returned           0
 State Example 5 finished
 State Destroy returned           0
 FieldBundle Create returned           0 name = Downward wind:needed
 StateAdd returned           0
 State Example 5 finished
 State Destroy returned           0
 FieldBundle Create returned           0 name = Downward wind:needed
 StateAdd returned           0
 State Example 5 finished
 State Destroy returned           0
 FieldBundle Create returned           0 name = Downward wind:needed
 StateAdd returned           0
 State Example 5 finished
 State Destroy returned           0
  PASS  Example ESMF_StateEx, ESMF_StateEx.F90, line 237
  PASS  Example ESMF_StateEx, ESMF_StateEx.F90, line 237
  PASS  Example ESMF_StateEx, ESMF_StateEx.F90, line 237
  PASS  Example ESMF_StateEx, ESMF_StateEx.F90, line 237
 PASS: ESMF_StateEx.F90
 PASS: ESMF_StateEx.F90
 PASS: ESMF_StateEx.F90
 PASS: ESMF_StateEx.F90
