2022-07-16 18:49:48
[1658004877.927946] [h35m04:182676:0]         mxm.c:196  MXM  WARN  The 'ulimit -s' on the system is set to 'unlimited'. This may have negative performance implications. Please set the stack size to the default value (10240) 
[1658004877.927977] [h35m04:182678:0]         mxm.c:196  MXM  WARN  The 'ulimit -s' on the system is set to 'unlimited'. This may have negative performance implications. Please set the stack size to the default value (10240) 
[1658004877.930728] [h35m04:182675:0]         mxm.c:196  MXM  WARN  The 'ulimit -s' on the system is set to 'unlimited'. This may have negative performance implications. Please set the stack size to the default value (10240) 
[1658004877.930708] [h35m04:182677:0]         mxm.c:196  MXM  WARN  The 'ulimit -s' on the system is set to 'unlimited'. This may have negative performance implications. Please set the stack size to the default value (10240) 
[1658004877.933232] [h35m04:182678:0]         mxm.c:196  MXM  WARN  The 'ulimit -s' on the system is set to 'unlimited'. This may have negative performance implications. Please set the stack size to the default value (10240) 
[1658004877.933176] [h35m04:182676:0]         mxm.c:196  MXM  WARN  The 'ulimit -s' on the system is set to 'unlimited'. This may have negative performance implications. Please set the stack size to the default value (10240) 
[1658004877.935885] [h35m04:182677:0]         mxm.c:196  MXM  WARN  The 'ulimit -s' on the system is set to 'unlimited'. This may have negative performance implications. Please set the stack size to the default value (10240) 
[1658004877.935826] [h35m04:182675:0]         mxm.c:196  MXM  WARN  The 'ulimit -s' on the system is set to 'unlimited'. This may have negative performance implications. Please set the stack size to the default value (10240) 
 NUOPC DRIVER + ATM Model example run
 NUOPC DRIVER + ATM Model example run
 NUOPC DRIVER + ATM Model example run
 NUOPC DRIVER + ATM Model example run
------>Advancing ATM from:    0  1  1  0  0  0   0
--------------------------------> to:    0  1  1  0  0 30   0
------>Advancing ATM from:    0  1  1  0  0  0   0
--------------------------------> to:    0  1  1  0  0 30   0
------>Advancing ATM from:    0  1  1  0  0  0   0
--------------------------------> to:    0  1  1  0  0 30   0
------>Advancing ATM from:    0  1  1  0  0  0   0
--------------------------------> to:    0  1  1  0  0 30   0
------>Advancing ATM from:    0  1  1  0  0 30   0
--------------------------------> to:    0  1  1  0  1  0   0
------>Advancing ATM from:    0  1  1  0  0 30   0
--------------------------------> to:    0  1  1  0  1  0   0
------>Advancing ATM from:    0  1  1  0  0 30   0
--------------------------------> to:    0  1  1  0  1  0   0
------>Advancing ATM from:    0  1  1  0  0 30   0
--------------------------------> to:    0  1  1  0  1  0   0
------>Advancing ATM from:    0  1  1  0  1  0   0
--------------------------------> to:    0  1  1  0  1 30   0
------>Advancing ATM from:    0  1  1  0  1  0   0
--------------------------------> to:    0  1  1  0  1 30   0
------>Advancing ATM from:    0  1  1  0  1  0   0
--------------------------------> to:    0  1  1  0  1 30   0
------>Advancing ATM from:    0  1  1  0  1  0   0
--------------------------------> to:    0  1  1  0  1 30   0
------>Advancing ATM from:    0  1  1  0  1 30   0
--------------------------------> to:    0  1  1  0  2  0   0
------>Advancing ATM from:    0  1  1  0  1 30   0
--------------------------------> to:    0  1  1  0  2  0   0
------>Advancing ATM from:    0  1  1  0  1 30   0
--------------------------------> to:    0  1  1  0  2  0   0
------>Advancing ATM from:    0  1  1  0  1 30   0
--------------------------------> to:    0  1  1  0  2  0   0
------>Advancing ATM from:    0  1  1  0  2  0   0
--------------------------------> to:    0  1  1  0  2 30   0
------>Advancing ATM from:    0  1  1  0  2  0   0
--------------------------------> to:    0  1  1  0  2 30   0
------>Advancing ATM from:    0  1  1  0  2  0   0
--------------------------------> to:    0  1  1  0  2 30   0
------>Advancing ATM from:    0  1  1  0  2  0   0
--------------------------------> to:    0  1  1  0  2 30   0
  PASS  Example ESMF_NUOPCAtmModelEx, ESMF_NUOPCAtmModelEx.F90, line 806
  PASS  Example ESMF_NUOPCAtmModelEx, ESMF_NUOPCAtmModelEx.F90, line 806
  PASS  Example ESMF_NUOPCAtmModelEx, ESMF_NUOPCAtmModelEx.F90, line 806
  PASS  Example ESMF_NUOPCAtmModelEx, ESMF_NUOPCAtmModelEx.F90, line 806
 PASS: ESMF_NUOPCAtmModelEx.F90
 PASS: ESMF_NUOPCAtmModelEx.F90
 PASS: ESMF_NUOPCAtmModelEx.F90
 PASS: ESMF_NUOPCAtmModelEx.F90
