2022-07-16 18:49:48
[1658004845.098565] [h35m04:167243:0]         mxm.c:196  MXM  WARN  The 'ulimit -s' on the system is set to 'unlimited'. This may have negative performance implications. Please set the stack size to the default value (10240) 
[1658004845.098701] [h35m04:167241:0]         mxm.c:196  MXM  WARN  The 'ulimit -s' on the system is set to 'unlimited'. This may have negative performance implications. Please set the stack size to the default value (10240) 
[1658004845.099290] [h35m04:167242:0]         mxm.c:196  MXM  WARN  The 'ulimit -s' on the system is set to 'unlimited'. This may have negative performance implications. Please set the stack size to the default value (10240) 
[1658004845.099331] [h35m04:167244:0]         mxm.c:196  MXM  WARN  The 'ulimit -s' on the system is set to 'unlimited'. This may have negative performance implications. Please set the stack size to the default value (10240) 
[1658004845.103724] [h35m04:167243:0]         mxm.c:196  MXM  WARN  The 'ulimit -s' on the system is set to 'unlimited'. This may have negative performance implications. Please set the stack size to the default value (10240) 
[1658004845.103904] [h35m04:167241:0]         mxm.c:196  MXM  WARN  The 'ulimit -s' on the system is set to 'unlimited'. This may have negative performance implications. Please set the stack size to the default value (10240) 
[1658004845.104364] [h35m04:167242:0]         mxm.c:196  MXM  WARN  The 'ulimit -s' on the system is set to 'unlimited'. This may have negative performance implications. Please set the stack size to the default value (10240) 
[1658004845.104511] [h35m04:167244:0]         mxm.c:196  MXM  WARN  The 'ulimit -s' on the system is set to 'unlimited'. This may have negative performance implications. Please set the stack size to the default value (10240) 
           1 -           1           2 -           3           2 -   0.00000000       0.00000000       0.00000000    
  PASS  Example ESMF_FieldSMMEx, ESMF_FieldSMMEx.F90, line 419
           2 -           1           3 -           3           3 -   0.00000000       2.25000000       0.00000000    
  PASS  Example ESMF_FieldSMMEx, ESMF_FieldSMMEx.F90, line 419
           0 -           1           1 -           3           1 -   0.00000000       0.00000000       1.30000007    
  PASS  Example ESMF_FieldSMMEx, ESMF_FieldSMMEx.F90, line 419
           3 -           1           4 -           3           4 -   0.00000000       0.00000000       3.09999990    
  PASS  Example ESMF_FieldSMMEx, ESMF_FieldSMMEx.F90, line 419
 PASS: ESMF_FieldSMMEx.F90
 PASS: ESMF_FieldSMMEx.F90
 PASS: ESMF_FieldSMMEx.F90
 PASS: ESMF_FieldSMMEx.F90
