2022-07-16 12:53:24
20220716 132905.929 INFO             PET0 !!!!!!!!!!!!!!!!!!!!!!!!!!!!!!!!!!!!!!!!!!!!!!!!!!!!!!
20220716 132905.929 INFO             PET0 !!! THE ESMF_LOG IS SET TO OUTPUT ALL LOG MESSAGES !!!
20220716 132905.929 INFO             PET0 !!!     THIS MAY CAUSE SLOWDOWN IN PERFORMANCE     !!!
20220716 132905.929 INFO             PET0 !!! FOR PRODUCTION RUNS, USE:                      !!!
20220716 132905.929 INFO             PET0 !!!                   ESMF_LOGKIND_Multi_On_Error  !!!
20220716 132905.929 INFO             PET0 !!!!!!!!!!!!!!!!!!!!!!!!!!!!!!!!!!!!!!!!!!!!!!!!!!!!!!
20220716 132905.929 INFO             PET0 Running with ESMF Version   : v8.4.0b04-2-gc831a7cd4a
20220716 132905.929 INFO             PET0 ESMF library build date/time: "Jul 16 2022" "12:50:27"
20220716 132905.929 INFO             PET0 ESMF library build location : /glade/scratch/dunlap/esmf-test-dev/gfortran_9.1.0_openmpi_g_develop/esmf
20220716 132905.929 INFO             PET0 ESMF_COMM                   : openmpi
20220716 132905.929 INFO             PET0 ESMF_MOAB                   : enabled
20220716 132905.929 INFO             PET0 ESMF_LAPACK                 : enabled
20220716 132905.929 INFO             PET0 ESMF_NETCDF                 : enabled
20220716 132905.929 INFO             PET0 ESMF_PNETCDF                : disabled
20220716 132905.929 INFO             PET0 ESMF_PIO                    : enabled
20220716 132905.929 INFO             PET0 ESMF_YAMLCPP                : enabled
20220716 132906.055 DEBUG            PET0 about to destroy Grid: 0x1635360
20220716 132906.069 DEBUG            PET0 about to destroy Grid: 0x16375d0
20220716 132906.108 INFO             PET0  NUMBER_OF_PROCESSORS           4
20220716 132906.108 INFO             PET0  PASS  Example ESMF_NUOPCAtmModelEx, ESMF_NUOPCAtmModelEx.F90, line 806
20220716 132906.108 INFO             PET0 Finalizing ESMF
20220716 132905.929 INFO             PET1 !!!!!!!!!!!!!!!!!!!!!!!!!!!!!!!!!!!!!!!!!!!!!!!!!!!!!!
20220716 132905.929 INFO             PET1 !!! THE ESMF_LOG IS SET TO OUTPUT ALL LOG MESSAGES !!!
20220716 132905.929 INFO             PET1 !!!     THIS MAY CAUSE SLOWDOWN IN PERFORMANCE     !!!
20220716 132905.929 INFO             PET1 !!! FOR PRODUCTION RUNS, USE:                      !!!
20220716 132905.929 INFO             PET1 !!!                   ESMF_LOGKIND_Multi_On_Error  !!!
20220716 132905.929 INFO             PET1 !!!!!!!!!!!!!!!!!!!!!!!!!!!!!!!!!!!!!!!!!!!!!!!!!!!!!!
20220716 132905.929 INFO             PET1 Running with ESMF Version   : v8.4.0b04-2-gc831a7cd4a
20220716 132905.929 INFO             PET1 ESMF library build date/time: "Jul 16 2022" "12:50:27"
20220716 132905.929 INFO             PET1 ESMF library build location : /glade/scratch/dunlap/esmf-test-dev/gfortran_9.1.0_openmpi_g_develop/esmf
20220716 132905.929 INFO             PET1 ESMF_COMM                   : openmpi
20220716 132905.929 INFO             PET1 ESMF_MOAB                   : enabled
20220716 132905.929 INFO             PET1 ESMF_LAPACK                 : enabled
20220716 132905.929 INFO             PET1 ESMF_NETCDF                 : enabled
20220716 132905.929 INFO             PET1 ESMF_PNETCDF                : disabled
20220716 132905.929 INFO             PET1 ESMF_PIO                    : enabled
20220716 132905.929 INFO             PET1 ESMF_YAMLCPP                : enabled
20220716 132906.055 DEBUG            PET1 about to destroy Grid: 0x21691b0
20220716 132906.069 DEBUG            PET1 about to destroy Grid: 0x216a2e0
20220716 132906.108 INFO             PET1  NUMBER_OF_PROCESSORS           4
20220716 132906.108 INFO             PET1  PASS  Example ESMF_NUOPCAtmModelEx, ESMF_NUOPCAtmModelEx.F90, line 806
20220716 132906.108 INFO             PET1 Finalizing ESMF
20220716 132905.930 INFO             PET2 !!!!!!!!!!!!!!!!!!!!!!!!!!!!!!!!!!!!!!!!!!!!!!!!!!!!!!
20220716 132905.930 INFO             PET2 !!! THE ESMF_LOG IS SET TO OUTPUT ALL LOG MESSAGES !!!
20220716 132905.930 INFO             PET2 !!!     THIS MAY CAUSE SLOWDOWN IN PERFORMANCE     !!!
20220716 132905.930 INFO             PET2 !!! FOR PRODUCTION RUNS, USE:                      !!!
20220716 132905.930 INFO             PET2 !!!                   ESMF_LOGKIND_Multi_On_Error  !!!
20220716 132905.930 INFO             PET2 !!!!!!!!!!!!!!!!!!!!!!!!!!!!!!!!!!!!!!!!!!!!!!!!!!!!!!
20220716 132905.930 INFO             PET2 Running with ESMF Version   : v8.4.0b04-2-gc831a7cd4a
20220716 132905.930 INFO             PET2 ESMF library build date/time: "Jul 16 2022" "12:50:27"
20220716 132905.930 INFO             PET2 ESMF library build location : /glade/scratch/dunlap/esmf-test-dev/gfortran_9.1.0_openmpi_g_develop/esmf
20220716 132905.930 INFO             PET2 ESMF_COMM                   : openmpi
20220716 132905.931 INFO             PET2 ESMF_MOAB                   : enabled
20220716 132905.931 INFO             PET2 ESMF_LAPACK                 : enabled
20220716 132905.931 INFO             PET2 ESMF_NETCDF                 : enabled
20220716 132905.931 INFO             PET2 ESMF_PNETCDF                : disabled
20220716 132905.931 INFO             PET2 ESMF_PIO                    : enabled
20220716 132905.931 INFO             PET2 ESMF_YAMLCPP                : enabled
20220716 132906.055 DEBUG            PET2 about to destroy Grid: 0x1b4c440
20220716 132906.069 DEBUG            PET2 about to destroy Grid: 0x1b4d530
20220716 132906.108 INFO             PET2  NUMBER_OF_PROCESSORS           4
20220716 132906.108 INFO             PET2  PASS  Example ESMF_NUOPCAtmModelEx, ESMF_NUOPCAtmModelEx.F90, line 806
20220716 132906.108 INFO             PET2 Finalizing ESMF
20220716 132905.930 INFO             PET3 !!!!!!!!!!!!!!!!!!!!!!!!!!!!!!!!!!!!!!!!!!!!!!!!!!!!!!
20220716 132905.930 INFO             PET3 !!! THE ESMF_LOG IS SET TO OUTPUT ALL LOG MESSAGES !!!
20220716 132905.930 INFO             PET3 !!!     THIS MAY CAUSE SLOWDOWN IN PERFORMANCE     !!!
20220716 132905.930 INFO             PET3 !!! FOR PRODUCTION RUNS, USE:                      !!!
20220716 132905.930 INFO             PET3 !!!                   ESMF_LOGKIND_Multi_On_Error  !!!
20220716 132905.930 INFO             PET3 !!!!!!!!!!!!!!!!!!!!!!!!!!!!!!!!!!!!!!!!!!!!!!!!!!!!!!
20220716 132905.930 INFO             PET3 Running with ESMF Version   : v8.4.0b04-2-gc831a7cd4a
20220716 132905.930 INFO             PET3 ESMF library build date/time: "Jul 16 2022" "12:50:27"
20220716 132905.930 INFO             PET3 ESMF library build location : /glade/scratch/dunlap/esmf-test-dev/gfortran_9.1.0_openmpi_g_develop/esmf
20220716 132905.930 INFO             PET3 ESMF_COMM                   : openmpi
20220716 132905.930 INFO             PET3 ESMF_MOAB                   : enabled
20220716 132905.930 INFO             PET3 ESMF_LAPACK                 : enabled
20220716 132905.930 INFO             PET3 ESMF_NETCDF                 : enabled
20220716 132905.930 INFO             PET3 ESMF_PNETCDF                : disabled
20220716 132905.930 INFO             PET3 ESMF_PIO                    : enabled
20220716 132905.930 INFO             PET3 ESMF_YAMLCPP                : enabled
20220716 132906.055 DEBUG            PET3 about to destroy Grid: 0x12df330
20220716 132906.069 DEBUG            PET3 about to destroy Grid: 0x12e06b0
20220716 132906.109 INFO             PET3  NUMBER_OF_PROCESSORS           4
20220716 132906.109 INFO             PET3  PASS  Example ESMF_NUOPCAtmModelEx, ESMF_NUOPCAtmModelEx.F90, line 806
20220716 132906.109 INFO             PET3 Finalizing ESMF
