2022-07-16 12:53:24
20220716 132657.205 INFO             PET0 !!!!!!!!!!!!!!!!!!!!!!!!!!!!!!!!!!!!!!!!!!!!!!!!!!!!!!
20220716 132657.205 INFO             PET0 !!! THE ESMF_LOG IS SET TO OUTPUT ALL LOG MESSAGES !!!
20220716 132657.205 INFO             PET0 !!!     THIS MAY CAUSE SLOWDOWN IN PERFORMANCE     !!!
20220716 132657.205 INFO             PET0 !!! FOR PRODUCTION RUNS, USE:                      !!!
20220716 132657.205 INFO             PET0 !!!                   ESMF_LOGKIND_Multi_On_Error  !!!
20220716 132657.205 INFO             PET0 !!!!!!!!!!!!!!!!!!!!!!!!!!!!!!!!!!!!!!!!!!!!!!!!!!!!!!
20220716 132657.205 INFO             PET0 Running with ESMF Version   : v8.4.0b04-2-gc831a7cd4a
20220716 132657.205 INFO             PET0 ESMF library build date/time: "Jul 16 2022" "12:50:27"
20220716 132657.205 INFO             PET0 ESMF library build location : /glade/scratch/dunlap/esmf-test-dev/gfortran_9.1.0_openmpi_g_develop/esmf
20220716 132657.205 INFO             PET0 ESMF_COMM                   : openmpi
20220716 132657.205 INFO             PET0 ESMF_MOAB                   : enabled
20220716 132657.205 INFO             PET0 ESMF_LAPACK                 : enabled
20220716 132657.205 INFO             PET0 ESMF_NETCDF                 : enabled
20220716 132657.205 INFO             PET0 ESMF_PNETCDF                : disabled
20220716 132657.205 INFO             PET0 ESMF_PIO                    : enabled
20220716 132657.205 INFO             PET0 ESMF_YAMLCPP                : enabled
20220716 132657.209 INFO             PET0  NUMBER_OF_PROCESSORS           4
20220716 132657.209 INFO             PET0  PASS  Example ESMF_ArrayBundleEx, ESMF_ArrayBundleEx.F90, line 267
20220716 132657.209 INFO             PET0 Finalizing ESMF
20220716 132657.206 INFO             PET1 !!!!!!!!!!!!!!!!!!!!!!!!!!!!!!!!!!!!!!!!!!!!!!!!!!!!!!
20220716 132657.206 INFO             PET1 !!! THE ESMF_LOG IS SET TO OUTPUT ALL LOG MESSAGES !!!
20220716 132657.206 INFO             PET1 !!!     THIS MAY CAUSE SLOWDOWN IN PERFORMANCE     !!!
20220716 132657.206 INFO             PET1 !!! FOR PRODUCTION RUNS, USE:                      !!!
20220716 132657.206 INFO             PET1 !!!                   ESMF_LOGKIND_Multi_On_Error  !!!
20220716 132657.206 INFO             PET1 !!!!!!!!!!!!!!!!!!!!!!!!!!!!!!!!!!!!!!!!!!!!!!!!!!!!!!
20220716 132657.206 INFO             PET1 Running with ESMF Version   : v8.4.0b04-2-gc831a7cd4a
20220716 132657.206 INFO             PET1 ESMF library build date/time: "Jul 16 2022" "12:50:27"
20220716 132657.206 INFO             PET1 ESMF library build location : /glade/scratch/dunlap/esmf-test-dev/gfortran_9.1.0_openmpi_g_develop/esmf
20220716 132657.206 INFO             PET1 ESMF_COMM                   : openmpi
20220716 132657.207 INFO             PET1 ESMF_MOAB                   : enabled
20220716 132657.207 INFO             PET1 ESMF_LAPACK                 : enabled
20220716 132657.207 INFO             PET1 ESMF_NETCDF                 : enabled
20220716 132657.207 INFO             PET1 ESMF_PNETCDF                : disabled
20220716 132657.207 INFO             PET1 ESMF_PIO                    : enabled
20220716 132657.207 INFO             PET1 ESMF_YAMLCPP                : enabled
20220716 132657.209 INFO             PET1  NUMBER_OF_PROCESSORS           4
20220716 132657.209 INFO             PET1  PASS  Example ESMF_ArrayBundleEx, ESMF_ArrayBundleEx.F90, line 267
20220716 132657.209 INFO             PET1 Finalizing ESMF
20220716 132657.205 INFO             PET2 !!!!!!!!!!!!!!!!!!!!!!!!!!!!!!!!!!!!!!!!!!!!!!!!!!!!!!
20220716 132657.205 INFO             PET2 !!! THE ESMF_LOG IS SET TO OUTPUT ALL LOG MESSAGES !!!
20220716 132657.205 INFO             PET2 !!!     THIS MAY CAUSE SLOWDOWN IN PERFORMANCE     !!!
20220716 132657.205 INFO             PET2 !!! FOR PRODUCTION RUNS, USE:                      !!!
20220716 132657.205 INFO             PET2 !!!                   ESMF_LOGKIND_Multi_On_Error  !!!
20220716 132657.205 INFO             PET2 !!!!!!!!!!!!!!!!!!!!!!!!!!!!!!!!!!!!!!!!!!!!!!!!!!!!!!
20220716 132657.205 INFO             PET2 Running with ESMF Version   : v8.4.0b04-2-gc831a7cd4a
20220716 132657.205 INFO             PET2 ESMF library build date/time: "Jul 16 2022" "12:50:27"
20220716 132657.205 INFO             PET2 ESMF library build location : /glade/scratch/dunlap/esmf-test-dev/gfortran_9.1.0_openmpi_g_develop/esmf
20220716 132657.205 INFO             PET2 ESMF_COMM                   : openmpi
20220716 132657.205 INFO             PET2 ESMF_MOAB                   : enabled
20220716 132657.205 INFO             PET2 ESMF_LAPACK                 : enabled
20220716 132657.205 INFO             PET2 ESMF_NETCDF                 : enabled
20220716 132657.205 INFO             PET2 ESMF_PNETCDF                : disabled
20220716 132657.205 INFO             PET2 ESMF_PIO                    : enabled
20220716 132657.205 INFO             PET2 ESMF_YAMLCPP                : enabled
20220716 132657.209 INFO             PET2  NUMBER_OF_PROCESSORS           4
20220716 132657.209 INFO             PET2  PASS  Example ESMF_ArrayBundleEx, ESMF_ArrayBundleEx.F90, line 267
20220716 132657.209 INFO             PET2 Finalizing ESMF
20220716 132657.206 INFO             PET3 !!!!!!!!!!!!!!!!!!!!!!!!!!!!!!!!!!!!!!!!!!!!!!!!!!!!!!
20220716 132657.206 INFO             PET3 !!! THE ESMF_LOG IS SET TO OUTPUT ALL LOG MESSAGES !!!
20220716 132657.206 INFO             PET3 !!!     THIS MAY CAUSE SLOWDOWN IN PERFORMANCE     !!!
20220716 132657.206 INFO             PET3 !!! FOR PRODUCTION RUNS, USE:                      !!!
20220716 132657.206 INFO             PET3 !!!                   ESMF_LOGKIND_Multi_On_Error  !!!
20220716 132657.206 INFO             PET3 !!!!!!!!!!!!!!!!!!!!!!!!!!!!!!!!!!!!!!!!!!!!!!!!!!!!!!
20220716 132657.206 INFO             PET3 Running with ESMF Version   : v8.4.0b04-2-gc831a7cd4a
20220716 132657.206 INFO             PET3 ESMF library build date/time: "Jul 16 2022" "12:50:27"
20220716 132657.206 INFO             PET3 ESMF library build location : /glade/scratch/dunlap/esmf-test-dev/gfortran_9.1.0_openmpi_g_develop/esmf
20220716 132657.206 INFO             PET3 ESMF_COMM                   : openmpi
20220716 132657.206 INFO             PET3 ESMF_MOAB                   : enabled
20220716 132657.206 INFO             PET3 ESMF_LAPACK                 : enabled
20220716 132657.206 INFO             PET3 ESMF_NETCDF                 : enabled
20220716 132657.206 INFO             PET3 ESMF_PNETCDF                : disabled
20220716 132657.206 INFO             PET3 ESMF_PIO                    : enabled
20220716 132657.206 INFO             PET3 ESMF_YAMLCPP                : enabled
20220716 132657.209 INFO             PET3  NUMBER_OF_PROCESSORS           4
20220716 132657.209 INFO             PET3  PASS  Example ESMF_ArrayBundleEx, ESMF_ArrayBundleEx.F90, line 267
20220716 132657.209 INFO             PET3 Finalizing ESMF
