2022-07-16 12:43:50
20220716 130102.872 INFO             PET0 !!!!!!!!!!!!!!!!!!!!!!!!!!!!!!!!!!!!!!!!!!!!!!!!!!!!!!
20220716 130102.872 INFO             PET0 !!! THE ESMF_LOG IS SET TO OUTPUT ALL LOG MESSAGES !!!
20220716 130102.872 INFO             PET0 !!!     THIS MAY CAUSE SLOWDOWN IN PERFORMANCE     !!!
20220716 130102.872 INFO             PET0 !!! FOR PRODUCTION RUNS, USE:                      !!!
20220716 130102.872 INFO             PET0 !!!                   ESMF_LOGKIND_Multi_On_Error  !!!
20220716 130102.872 INFO             PET0 !!!!!!!!!!!!!!!!!!!!!!!!!!!!!!!!!!!!!!!!!!!!!!!!!!!!!!
20220716 130102.872 INFO             PET0 Running with ESMF Version   : v8.4.0b04-2-gc831a7cd4a
20220716 130102.872 INFO             PET0 ESMF library build date/time: "Jul 16 2022" "12:42:49"
20220716 130102.872 INFO             PET0 ESMF library build location : /project/esmf/rocky/esmf-test-dev/gfortran_11.2.0_openmpi_O_develop/esmf
20220716 130102.872 INFO             PET0 ESMF_COMM                   : openmpi
20220716 130102.872 INFO             PET0 ESMF_MOAB                   : enabled
20220716 130102.872 INFO             PET0 ESMF_LAPACK                 : enabled
20220716 130102.872 INFO             PET0 ESMF_NETCDF                 : enabled
20220716 130102.872 INFO             PET0 ESMF_PNETCDF                : disabled
20220716 130102.872 INFO             PET0 ESMF_PIO                    : enabled
20220716 130102.872 INFO             PET0 ESMF_YAMLCPP                : enabled
20220716 130102.932 DEBUG            PET0 about to destroy Grid: 0x7fa230825400
20220716 130102.937 DEBUG            PET0 about to destroy Grid: 0x7fa230826000
20220716 130102.950 INFO             PET0  NUMBER_OF_PROCESSORS           4
20220716 130102.950 INFO             PET0  PASS  Example ESMF_NUOPCAtmModelEx, ESMF_NUOPCAtmModelEx.F90, line 806
20220716 130102.950 INFO             PET0 Finalizing ESMF
20220716 130102.872 INFO             PET1 !!!!!!!!!!!!!!!!!!!!!!!!!!!!!!!!!!!!!!!!!!!!!!!!!!!!!!
20220716 130102.872 INFO             PET1 !!! THE ESMF_LOG IS SET TO OUTPUT ALL LOG MESSAGES !!!
20220716 130102.872 INFO             PET1 !!!     THIS MAY CAUSE SLOWDOWN IN PERFORMANCE     !!!
20220716 130102.872 INFO             PET1 !!! FOR PRODUCTION RUNS, USE:                      !!!
20220716 130102.872 INFO             PET1 !!!                   ESMF_LOGKIND_Multi_On_Error  !!!
20220716 130102.872 INFO             PET1 !!!!!!!!!!!!!!!!!!!!!!!!!!!!!!!!!!!!!!!!!!!!!!!!!!!!!!
20220716 130102.872 INFO             PET1 Running with ESMF Version   : v8.4.0b04-2-gc831a7cd4a
20220716 130102.872 INFO             PET1 ESMF library build date/time: "Jul 16 2022" "12:42:49"
20220716 130102.872 INFO             PET1 ESMF library build location : /project/esmf/rocky/esmf-test-dev/gfortran_11.2.0_openmpi_O_develop/esmf
20220716 130102.872 INFO             PET1 ESMF_COMM                   : openmpi
20220716 130102.872 INFO             PET1 ESMF_MOAB                   : enabled
20220716 130102.872 INFO             PET1 ESMF_LAPACK                 : enabled
20220716 130102.872 INFO             PET1 ESMF_NETCDF                 : enabled
20220716 130102.872 INFO             PET1 ESMF_PNETCDF                : disabled
20220716 130102.872 INFO             PET1 ESMF_PIO                    : enabled
20220716 130102.872 INFO             PET1 ESMF_YAMLCPP                : enabled
20220716 130102.932 DEBUG            PET1 about to destroy Grid: 0x7fde25814800
20220716 130102.937 DEBUG            PET1 about to destroy Grid: 0x7fde2581a800
20220716 130102.950 INFO             PET1  NUMBER_OF_PROCESSORS           4
20220716 130102.950 INFO             PET1  PASS  Example ESMF_NUOPCAtmModelEx, ESMF_NUOPCAtmModelEx.F90, line 806
20220716 130102.950 INFO             PET1 Finalizing ESMF
20220716 130102.872 INFO             PET2 !!!!!!!!!!!!!!!!!!!!!!!!!!!!!!!!!!!!!!!!!!!!!!!!!!!!!!
20220716 130102.872 INFO             PET2 !!! THE ESMF_LOG IS SET TO OUTPUT ALL LOG MESSAGES !!!
20220716 130102.872 INFO             PET2 !!!     THIS MAY CAUSE SLOWDOWN IN PERFORMANCE     !!!
20220716 130102.872 INFO             PET2 !!! FOR PRODUCTION RUNS, USE:                      !!!
20220716 130102.872 INFO             PET2 !!!                   ESMF_LOGKIND_Multi_On_Error  !!!
20220716 130102.872 INFO             PET2 !!!!!!!!!!!!!!!!!!!!!!!!!!!!!!!!!!!!!!!!!!!!!!!!!!!!!!
20220716 130102.872 INFO             PET2 Running with ESMF Version   : v8.4.0b04-2-gc831a7cd4a
20220716 130102.872 INFO             PET2 ESMF library build date/time: "Jul 16 2022" "12:42:49"
20220716 130102.872 INFO             PET2 ESMF library build location : /project/esmf/rocky/esmf-test-dev/gfortran_11.2.0_openmpi_O_develop/esmf
20220716 130102.872 INFO             PET2 ESMF_COMM                   : openmpi
20220716 130102.872 INFO             PET2 ESMF_MOAB                   : enabled
20220716 130102.872 INFO             PET2 ESMF_LAPACK                 : enabled
20220716 130102.872 INFO             PET2 ESMF_NETCDF                 : enabled
20220716 130102.872 INFO             PET2 ESMF_PNETCDF                : disabled
20220716 130102.872 INFO             PET2 ESMF_PIO                    : enabled
20220716 130102.872 INFO             PET2 ESMF_YAMLCPP                : enabled
20220716 130102.932 DEBUG            PET2 about to destroy Grid: 0x7f79ee031000
20220716 130102.937 DEBUG            PET2 about to destroy Grid: 0x7f79ee031c00
20220716 130102.950 INFO             PET2  NUMBER_OF_PROCESSORS           4
20220716 130102.950 INFO             PET2  PASS  Example ESMF_NUOPCAtmModelEx, ESMF_NUOPCAtmModelEx.F90, line 806
20220716 130102.950 INFO             PET2 Finalizing ESMF
20220716 130102.872 INFO             PET3 !!!!!!!!!!!!!!!!!!!!!!!!!!!!!!!!!!!!!!!!!!!!!!!!!!!!!!
20220716 130102.872 INFO             PET3 !!! THE ESMF_LOG IS SET TO OUTPUT ALL LOG MESSAGES !!!
20220716 130102.872 INFO             PET3 !!!     THIS MAY CAUSE SLOWDOWN IN PERFORMANCE     !!!
20220716 130102.872 INFO             PET3 !!! FOR PRODUCTION RUNS, USE:                      !!!
20220716 130102.872 INFO             PET3 !!!                   ESMF_LOGKIND_Multi_On_Error  !!!
20220716 130102.872 INFO             PET3 !!!!!!!!!!!!!!!!!!!!!!!!!!!!!!!!!!!!!!!!!!!!!!!!!!!!!!
20220716 130102.872 INFO             PET3 Running with ESMF Version   : v8.4.0b04-2-gc831a7cd4a
20220716 130102.872 INFO             PET3 ESMF library build date/time: "Jul 16 2022" "12:42:49"
20220716 130102.872 INFO             PET3 ESMF library build location : /project/esmf/rocky/esmf-test-dev/gfortran_11.2.0_openmpi_O_develop/esmf
20220716 130102.872 INFO             PET3 ESMF_COMM                   : openmpi
20220716 130102.872 INFO             PET3 ESMF_MOAB                   : enabled
20220716 130102.872 INFO             PET3 ESMF_LAPACK                 : enabled
20220716 130102.872 INFO             PET3 ESMF_NETCDF                 : enabled
20220716 130102.872 INFO             PET3 ESMF_PNETCDF                : disabled
20220716 130102.872 INFO             PET3 ESMF_PIO                    : enabled
20220716 130102.872 INFO             PET3 ESMF_YAMLCPP                : enabled
20220716 130102.932 DEBUG            PET3 about to destroy Grid: 0x7faded014200
20220716 130102.937 DEBUG            PET3 about to destroy Grid: 0x7faded01ce00
20220716 130102.950 INFO             PET3  NUMBER_OF_PROCESSORS           4
20220716 130102.950 INFO             PET3  PASS  Example ESMF_NUOPCAtmModelEx, ESMF_NUOPCAtmModelEx.F90, line 806
20220716 130102.950 INFO             PET3 Finalizing ESMF
