2022-07-22 18:25:51
20220722 191359.874 INFO             PET0 !!!!!!!!!!!!!!!!!!!!!!!!!!!!!!!!!!!!!!!!!!!!!!!!!!!!!!
20220722 191359.874 INFO             PET0 !!! THE ESMF_LOG IS SET TO OUTPUT ALL LOG MESSAGES !!!
20220722 191359.874 INFO             PET0 !!!     THIS MAY CAUSE SLOWDOWN IN PERFORMANCE     !!!
20220722 191359.874 INFO             PET0 !!! FOR PRODUCTION RUNS, USE:                      !!!
20220722 191359.874 INFO             PET0 !!!                   ESMF_LOGKIND_Multi_On_Error  !!!
20220722 191359.874 INFO             PET0 !!!!!!!!!!!!!!!!!!!!!!!!!!!!!!!!!!!!!!!!!!!!!!!!!!!!!!
20220722 191359.874 INFO             PET0 Running with ESMF Version   : v8.4.0b07
20220722 191359.874 INFO             PET0 ESMF library build date/time: "Jul 22 2022" "18:23:38"
20220722 191359.874 INFO             PET0 ESMF library build location : /lfs4/HFIP/hfv3gfs/Mark.Potts/esmf-tests/intel_2020.2_intelmpi_O_develop/esmf
20220722 191359.874 INFO             PET0 ESMF_COMM                   : intelmpi
20220722 191359.875 INFO             PET0 ESMF_MOAB                   : enabled
20220722 191359.875 INFO             PET0 ESMF_LAPACK                 : enabled
20220722 191359.875 INFO             PET0 ESMF_NETCDF                 : enabled
20220722 191359.875 INFO             PET0 ESMF_PNETCDF                : disabled
20220722 191359.875 INFO             PET0 ESMF_PIO                    : enabled
20220722 191359.875 INFO             PET0 ESMF_YAMLCPP                : enabled
20220722 191359.879 INFO             PET0 ESMF_FieldRedistStoreNF(): Just entered routine.
20220722 191359.926 INFO             PET0 ESMF_FieldRedistStoreNF(): Leaving routine.
20220722 191359.946 INFO             PET0  NUMBER_OF_PROCESSORS           4
20220722 191359.946 INFO             PET0  PASS  Example ESMF_RHandleFromFileEx, ESMF_RHandleFromFileEx.F90, line 192
20220722 191359.946 INFO             PET0 Finalizing ESMF
20220722 191359.874 INFO             PET1 !!!!!!!!!!!!!!!!!!!!!!!!!!!!!!!!!!!!!!!!!!!!!!!!!!!!!!
20220722 191359.874 INFO             PET1 !!! THE ESMF_LOG IS SET TO OUTPUT ALL LOG MESSAGES !!!
20220722 191359.874 INFO             PET1 !!!     THIS MAY CAUSE SLOWDOWN IN PERFORMANCE     !!!
20220722 191359.874 INFO             PET1 !!! FOR PRODUCTION RUNS, USE:                      !!!
20220722 191359.874 INFO             PET1 !!!                   ESMF_LOGKIND_Multi_On_Error  !!!
20220722 191359.874 INFO             PET1 !!!!!!!!!!!!!!!!!!!!!!!!!!!!!!!!!!!!!!!!!!!!!!!!!!!!!!
20220722 191359.874 INFO             PET1 Running with ESMF Version   : v8.4.0b07
20220722 191359.874 INFO             PET1 ESMF library build date/time: "Jul 22 2022" "18:23:38"
20220722 191359.874 INFO             PET1 ESMF library build location : /lfs4/HFIP/hfv3gfs/Mark.Potts/esmf-tests/intel_2020.2_intelmpi_O_develop/esmf
20220722 191359.874 INFO             PET1 ESMF_COMM                   : intelmpi
20220722 191359.875 INFO             PET1 ESMF_MOAB                   : enabled
20220722 191359.875 INFO             PET1 ESMF_LAPACK                 : enabled
20220722 191359.875 INFO             PET1 ESMF_NETCDF                 : enabled
20220722 191359.875 INFO             PET1 ESMF_PNETCDF                : disabled
20220722 191359.875 INFO             PET1 ESMF_PIO                    : enabled
20220722 191359.875 INFO             PET1 ESMF_YAMLCPP                : enabled
20220722 191359.879 INFO             PET1 ESMF_FieldRedistStoreNF(): Just entered routine.
20220722 191359.926 INFO             PET1 ESMF_FieldRedistStoreNF(): Leaving routine.
20220722 191359.946 INFO             PET1  NUMBER_OF_PROCESSORS           4
20220722 191359.946 INFO             PET1  PASS  Example ESMF_RHandleFromFileEx, ESMF_RHandleFromFileEx.F90, line 192
20220722 191359.946 INFO             PET1 Finalizing ESMF
20220722 191359.874 INFO             PET2 !!!!!!!!!!!!!!!!!!!!!!!!!!!!!!!!!!!!!!!!!!!!!!!!!!!!!!
20220722 191359.874 INFO             PET2 !!! THE ESMF_LOG IS SET TO OUTPUT ALL LOG MESSAGES !!!
20220722 191359.874 INFO             PET2 !!!     THIS MAY CAUSE SLOWDOWN IN PERFORMANCE     !!!
20220722 191359.874 INFO             PET2 !!! FOR PRODUCTION RUNS, USE:                      !!!
20220722 191359.874 INFO             PET2 !!!                   ESMF_LOGKIND_Multi_On_Error  !!!
20220722 191359.874 INFO             PET2 !!!!!!!!!!!!!!!!!!!!!!!!!!!!!!!!!!!!!!!!!!!!!!!!!!!!!!
20220722 191359.874 INFO             PET2 Running with ESMF Version   : v8.4.0b07
20220722 191359.874 INFO             PET2 ESMF library build date/time: "Jul 22 2022" "18:23:38"
20220722 191359.874 INFO             PET2 ESMF library build location : /lfs4/HFIP/hfv3gfs/Mark.Potts/esmf-tests/intel_2020.2_intelmpi_O_develop/esmf
20220722 191359.874 INFO             PET2 ESMF_COMM                   : intelmpi
20220722 191359.876 INFO             PET2 ESMF_MOAB                   : enabled
20220722 191359.876 INFO             PET2 ESMF_LAPACK                 : enabled
20220722 191359.876 INFO             PET2 ESMF_NETCDF                 : enabled
20220722 191359.876 INFO             PET2 ESMF_PNETCDF                : disabled
20220722 191359.876 INFO             PET2 ESMF_PIO                    : enabled
20220722 191359.876 INFO             PET2 ESMF_YAMLCPP                : enabled
20220722 191359.879 INFO             PET2 ESMF_FieldRedistStoreNF(): Just entered routine.
20220722 191359.926 INFO             PET2 ESMF_FieldRedistStoreNF(): Leaving routine.
20220722 191359.946 INFO             PET2  NUMBER_OF_PROCESSORS           4
20220722 191359.946 INFO             PET2  PASS  Example ESMF_RHandleFromFileEx, ESMF_RHandleFromFileEx.F90, line 192
20220722 191359.946 INFO             PET2 Finalizing ESMF
20220722 191359.874 INFO             PET3 !!!!!!!!!!!!!!!!!!!!!!!!!!!!!!!!!!!!!!!!!!!!!!!!!!!!!!
20220722 191359.875 INFO             PET3 !!! THE ESMF_LOG IS SET TO OUTPUT ALL LOG MESSAGES !!!
20220722 191359.875 INFO             PET3 !!!     THIS MAY CAUSE SLOWDOWN IN PERFORMANCE     !!!
20220722 191359.875 INFO             PET3 !!! FOR PRODUCTION RUNS, USE:                      !!!
20220722 191359.875 INFO             PET3 !!!                   ESMF_LOGKIND_Multi_On_Error  !!!
20220722 191359.875 INFO             PET3 !!!!!!!!!!!!!!!!!!!!!!!!!!!!!!!!!!!!!!!!!!!!!!!!!!!!!!
20220722 191359.875 INFO             PET3 Running with ESMF Version   : v8.4.0b07
20220722 191359.875 INFO             PET3 ESMF library build date/time: "Jul 22 2022" "18:23:38"
20220722 191359.875 INFO             PET3 ESMF library build location : /lfs4/HFIP/hfv3gfs/Mark.Potts/esmf-tests/intel_2020.2_intelmpi_O_develop/esmf
20220722 191359.875 INFO             PET3 ESMF_COMM                   : intelmpi
20220722 191359.876 INFO             PET3 ESMF_MOAB                   : enabled
20220722 191359.876 INFO             PET3 ESMF_LAPACK                 : enabled
20220722 191359.876 INFO             PET3 ESMF_NETCDF                 : enabled
20220722 191359.876 INFO             PET3 ESMF_PNETCDF                : disabled
20220722 191359.876 INFO             PET3 ESMF_PIO                    : enabled
20220722 191359.876 INFO             PET3 ESMF_YAMLCPP                : enabled
20220722 191359.879 INFO             PET3 ESMF_FieldRedistStoreNF(): Just entered routine.
20220722 191359.926 INFO             PET3 ESMF_FieldRedistStoreNF(): Leaving routine.
20220722 191359.946 INFO             PET3  NUMBER_OF_PROCESSORS           4
20220722 191359.946 INFO             PET3  PASS  Example ESMF_RHandleFromFileEx, ESMF_RHandleFromFileEx.F90, line 192
20220722 191359.946 INFO             PET3 Finalizing ESMF
