2022-07-22 18:25:51
20220722 191716.978 INFO             PET0 !!!!!!!!!!!!!!!!!!!!!!!!!!!!!!!!!!!!!!!!!!!!!!!!!!!!!!
20220722 191716.979 INFO             PET0 !!! THE ESMF_LOG IS SET TO OUTPUT ALL LOG MESSAGES !!!
20220722 191716.979 INFO             PET0 !!!     THIS MAY CAUSE SLOWDOWN IN PERFORMANCE     !!!
20220722 191716.979 INFO             PET0 !!! FOR PRODUCTION RUNS, USE:                      !!!
20220722 191716.979 INFO             PET0 !!!                   ESMF_LOGKIND_Multi_On_Error  !!!
20220722 191716.979 INFO             PET0 !!!!!!!!!!!!!!!!!!!!!!!!!!!!!!!!!!!!!!!!!!!!!!!!!!!!!!
20220722 191716.979 INFO             PET0 Running with ESMF Version   : v8.4.0b07
20220722 191716.979 INFO             PET0 ESMF library build date/time: "Jul 22 2022" "18:23:38"
20220722 191716.979 INFO             PET0 ESMF library build location : /lfs4/HFIP/hfv3gfs/Mark.Potts/esmf-tests/intel_2020.2_intelmpi_O_develop/esmf
20220722 191716.979 INFO             PET0 ESMF_COMM                   : intelmpi
20220722 191716.980 INFO             PET0 ESMF_MOAB                   : enabled
20220722 191716.980 INFO             PET0 ESMF_LAPACK                 : enabled
20220722 191716.980 INFO             PET0 ESMF_NETCDF                 : enabled
20220722 191716.980 INFO             PET0 ESMF_PNETCDF                : disabled
20220722 191716.980 INFO             PET0 ESMF_PIO                    : enabled
20220722 191716.980 INFO             PET0 ESMF_YAMLCPP                : enabled
20220722 191717.035 DEBUG            PET0 about to destroy Grid: 0x2500300
20220722 191717.040 DEBUG            PET0 about to destroy Grid: 0x2501f30
20220722 191717.054 INFO             PET0  NUMBER_OF_PROCESSORS           4
20220722 191717.054 INFO             PET0  PASS  Example ESMF_NUOPCAtmModelEx, ESMF_NUOPCAtmModelEx.F90, line 806
20220722 191717.054 INFO             PET0 Finalizing ESMF
20220722 191716.979 INFO             PET1 !!!!!!!!!!!!!!!!!!!!!!!!!!!!!!!!!!!!!!!!!!!!!!!!!!!!!!
20220722 191716.979 INFO             PET1 !!! THE ESMF_LOG IS SET TO OUTPUT ALL LOG MESSAGES !!!
20220722 191716.979 INFO             PET1 !!!     THIS MAY CAUSE SLOWDOWN IN PERFORMANCE     !!!
20220722 191716.979 INFO             PET1 !!! FOR PRODUCTION RUNS, USE:                      !!!
20220722 191716.979 INFO             PET1 !!!                   ESMF_LOGKIND_Multi_On_Error  !!!
20220722 191716.979 INFO             PET1 !!!!!!!!!!!!!!!!!!!!!!!!!!!!!!!!!!!!!!!!!!!!!!!!!!!!!!
20220722 191716.979 INFO             PET1 Running with ESMF Version   : v8.4.0b07
20220722 191716.979 INFO             PET1 ESMF library build date/time: "Jul 22 2022" "18:23:38"
20220722 191716.979 INFO             PET1 ESMF library build location : /lfs4/HFIP/hfv3gfs/Mark.Potts/esmf-tests/intel_2020.2_intelmpi_O_develop/esmf
20220722 191716.979 INFO             PET1 ESMF_COMM                   : intelmpi
20220722 191716.980 INFO             PET1 ESMF_MOAB                   : enabled
20220722 191716.980 INFO             PET1 ESMF_LAPACK                 : enabled
20220722 191716.980 INFO             PET1 ESMF_NETCDF                 : enabled
20220722 191716.980 INFO             PET1 ESMF_PNETCDF                : disabled
20220722 191716.980 INFO             PET1 ESMF_PIO                    : enabled
20220722 191716.980 INFO             PET1 ESMF_YAMLCPP                : enabled
20220722 191717.035 DEBUG            PET1 about to destroy Grid: 0xafb800
20220722 191717.040 DEBUG            PET1 about to destroy Grid: 0xb0e0f0
20220722 191717.054 INFO             PET1  NUMBER_OF_PROCESSORS           4
20220722 191717.054 INFO             PET1  PASS  Example ESMF_NUOPCAtmModelEx, ESMF_NUOPCAtmModelEx.F90, line 806
20220722 191717.054 INFO             PET1 Finalizing ESMF
20220722 191716.979 INFO             PET2 !!!!!!!!!!!!!!!!!!!!!!!!!!!!!!!!!!!!!!!!!!!!!!!!!!!!!!
20220722 191716.979 INFO             PET2 !!! THE ESMF_LOG IS SET TO OUTPUT ALL LOG MESSAGES !!!
20220722 191716.979 INFO             PET2 !!!     THIS MAY CAUSE SLOWDOWN IN PERFORMANCE     !!!
20220722 191716.979 INFO             PET2 !!! FOR PRODUCTION RUNS, USE:                      !!!
20220722 191716.979 INFO             PET2 !!!                   ESMF_LOGKIND_Multi_On_Error  !!!
20220722 191716.979 INFO             PET2 !!!!!!!!!!!!!!!!!!!!!!!!!!!!!!!!!!!!!!!!!!!!!!!!!!!!!!
20220722 191716.979 INFO             PET2 Running with ESMF Version   : v8.4.0b07
20220722 191716.979 INFO             PET2 ESMF library build date/time: "Jul 22 2022" "18:23:38"
20220722 191716.979 INFO             PET2 ESMF library build location : /lfs4/HFIP/hfv3gfs/Mark.Potts/esmf-tests/intel_2020.2_intelmpi_O_develop/esmf
20220722 191716.979 INFO             PET2 ESMF_COMM                   : intelmpi
20220722 191716.980 INFO             PET2 ESMF_MOAB                   : enabled
20220722 191716.980 INFO             PET2 ESMF_LAPACK                 : enabled
20220722 191716.980 INFO             PET2 ESMF_NETCDF                 : enabled
20220722 191716.980 INFO             PET2 ESMF_PNETCDF                : disabled
20220722 191716.980 INFO             PET2 ESMF_PIO                    : enabled
20220722 191716.980 INFO             PET2 ESMF_YAMLCPP                : enabled
20220722 191717.035 DEBUG            PET2 about to destroy Grid: 0x101e800
20220722 191717.040 DEBUG            PET2 about to destroy Grid: 0x10310f0
20220722 191717.054 INFO             PET2  NUMBER_OF_PROCESSORS           4
20220722 191717.054 INFO             PET2  PASS  Example ESMF_NUOPCAtmModelEx, ESMF_NUOPCAtmModelEx.F90, line 806
20220722 191717.054 INFO             PET2 Finalizing ESMF
20220722 191716.979 INFO             PET3 !!!!!!!!!!!!!!!!!!!!!!!!!!!!!!!!!!!!!!!!!!!!!!!!!!!!!!
20220722 191716.979 INFO             PET3 !!! THE ESMF_LOG IS SET TO OUTPUT ALL LOG MESSAGES !!!
20220722 191716.979 INFO             PET3 !!!     THIS MAY CAUSE SLOWDOWN IN PERFORMANCE     !!!
20220722 191716.979 INFO             PET3 !!! FOR PRODUCTION RUNS, USE:                      !!!
20220722 191716.979 INFO             PET3 !!!                   ESMF_LOGKIND_Multi_On_Error  !!!
20220722 191716.979 INFO             PET3 !!!!!!!!!!!!!!!!!!!!!!!!!!!!!!!!!!!!!!!!!!!!!!!!!!!!!!
20220722 191716.979 INFO             PET3 Running with ESMF Version   : v8.4.0b07
20220722 191716.979 INFO             PET3 ESMF library build date/time: "Jul 22 2022" "18:23:38"
20220722 191716.979 INFO             PET3 ESMF library build location : /lfs4/HFIP/hfv3gfs/Mark.Potts/esmf-tests/intel_2020.2_intelmpi_O_develop/esmf
20220722 191716.979 INFO             PET3 ESMF_COMM                   : intelmpi
20220722 191716.980 INFO             PET3 ESMF_MOAB                   : enabled
20220722 191716.980 INFO             PET3 ESMF_LAPACK                 : enabled
20220722 191716.980 INFO             PET3 ESMF_NETCDF                 : enabled
20220722 191716.980 INFO             PET3 ESMF_PNETCDF                : disabled
20220722 191716.980 INFO             PET3 ESMF_PIO                    : enabled
20220722 191716.980 INFO             PET3 ESMF_YAMLCPP                : enabled
20220722 191717.035 DEBUG            PET3 about to destroy Grid: 0x1b50800
20220722 191717.040 DEBUG            PET3 about to destroy Grid: 0x1b630f0
20220722 191717.054 INFO             PET3  NUMBER_OF_PROCESSORS           4
20220722 191717.054 INFO             PET3  PASS  Example ESMF_NUOPCAtmModelEx, ESMF_NUOPCAtmModelEx.F90, line 806
20220722 191717.054 INFO             PET3 Finalizing ESMF
