2022-07-22 18:25:51
20220722 191330.395 INFO             PET0 !!!!!!!!!!!!!!!!!!!!!!!!!!!!!!!!!!!!!!!!!!!!!!!!!!!!!!
20220722 191330.395 INFO             PET0 !!! THE ESMF_LOG IS SET TO OUTPUT ALL LOG MESSAGES !!!
20220722 191330.395 INFO             PET0 !!!     THIS MAY CAUSE SLOWDOWN IN PERFORMANCE     !!!
20220722 191330.395 INFO             PET0 !!! FOR PRODUCTION RUNS, USE:                      !!!
20220722 191330.395 INFO             PET0 !!!                   ESMF_LOGKIND_Multi_On_Error  !!!
20220722 191330.395 INFO             PET0 !!!!!!!!!!!!!!!!!!!!!!!!!!!!!!!!!!!!!!!!!!!!!!!!!!!!!!
20220722 191330.395 INFO             PET0 Running with ESMF Version   : v8.4.0b07
20220722 191330.395 INFO             PET0 ESMF library build date/time: "Jul 22 2022" "18:23:38"
20220722 191330.395 INFO             PET0 ESMF library build location : /lfs4/HFIP/hfv3gfs/Mark.Potts/esmf-tests/intel_2020.2_intelmpi_O_develop/esmf
20220722 191330.395 INFO             PET0 ESMF_COMM                   : intelmpi
20220722 191330.396 INFO             PET0 ESMF_MOAB                   : enabled
20220722 191330.396 INFO             PET0 ESMF_LAPACK                 : enabled
20220722 191330.396 INFO             PET0 ESMF_NETCDF                 : enabled
20220722 191330.396 INFO             PET0 ESMF_PNETCDF                : disabled
20220722 191330.396 INFO             PET0 ESMF_PIO                    : enabled
20220722 191330.396 INFO             PET0 ESMF_YAMLCPP                : enabled
20220722 191330.397 INFO             PET0  NUMBER_OF_PROCESSORS           1
20220722 191330.397 INFO             PET0  PASS  Example ESMF_TimeIntervalEx, ESMF_TimeIntervalEx.F90, line 176
20220722 191330.397 INFO             PET0 Finalizing ESMF
