2022-07-21 09:47:14
20220721 100722.103 INFO             PET0 !!!!!!!!!!!!!!!!!!!!!!!!!!!!!!!!!!!!!!!!!!!!!!!!!!!!!!
20220721 100722.103 INFO             PET0 !!! THE ESMF_LOG IS SET TO OUTPUT ALL LOG MESSAGES !!!
20220721 100722.103 INFO             PET0 !!!     THIS MAY CAUSE SLOWDOWN IN PERFORMANCE     !!!
20220721 100722.103 INFO             PET0 !!! FOR PRODUCTION RUNS, USE:                      !!!
20220721 100722.103 INFO             PET0 !!!                   ESMF_LOGKIND_Multi_On_Error  !!!
20220721 100722.103 INFO             PET0 !!!!!!!!!!!!!!!!!!!!!!!!!!!!!!!!!!!!!!!!!!!!!!!!!!!!!!
20220721 100722.103 INFO             PET0 Running with ESMF Version   : v8.4.0b06-6-g1266599ea8
20220721 100722.103 INFO             PET0 ESMF library build date/time: "Jul 21 2022" "09:45:48"
20220721 100722.103 INFO             PET0 ESMF library build location : /project/esmf/rocky/esmf-test-dev/gfortran_11.2.0_openmpi_g_develop/esmf
20220721 100722.103 INFO             PET0 ESMF_COMM                   : openmpi
20220721 100722.103 INFO             PET0 ESMF_MOAB                   : enabled
20220721 100722.103 INFO             PET0 ESMF_LAPACK                 : enabled
20220721 100722.103 INFO             PET0 ESMF_NETCDF                 : enabled
20220721 100722.103 INFO             PET0 ESMF_PNETCDF                : disabled
20220721 100722.103 INFO             PET0 ESMF_PIO                    : enabled
20220721 100722.103 INFO             PET0 ESMF_YAMLCPP                : enabled
20220721 100722.201 DEBUG            PET0 about to destroy Grid: 0x7f9489883e00
20220721 100722.212 DEBUG            PET0 about to destroy Grid: 0x7f948988a200
20220721 100722.240 INFO             PET0  NUMBER_OF_PROCESSORS           4
20220721 100722.240 INFO             PET0  PASS  Example ESMF_NUOPCAtmModelEx, ESMF_NUOPCAtmModelEx.F90, line 806
20220721 100722.240 INFO             PET0 Finalizing ESMF
20220721 100722.103 INFO             PET1 !!!!!!!!!!!!!!!!!!!!!!!!!!!!!!!!!!!!!!!!!!!!!!!!!!!!!!
20220721 100722.103 INFO             PET1 !!! THE ESMF_LOG IS SET TO OUTPUT ALL LOG MESSAGES !!!
20220721 100722.103 INFO             PET1 !!!     THIS MAY CAUSE SLOWDOWN IN PERFORMANCE     !!!
20220721 100722.103 INFO             PET1 !!! FOR PRODUCTION RUNS, USE:                      !!!
20220721 100722.103 INFO             PET1 !!!                   ESMF_LOGKIND_Multi_On_Error  !!!
20220721 100722.103 INFO             PET1 !!!!!!!!!!!!!!!!!!!!!!!!!!!!!!!!!!!!!!!!!!!!!!!!!!!!!!
20220721 100722.103 INFO             PET1 Running with ESMF Version   : v8.4.0b06-6-g1266599ea8
20220721 100722.103 INFO             PET1 ESMF library build date/time: "Jul 21 2022" "09:45:48"
20220721 100722.103 INFO             PET1 ESMF library build location : /project/esmf/rocky/esmf-test-dev/gfortran_11.2.0_openmpi_g_develop/esmf
20220721 100722.103 INFO             PET1 ESMF_COMM                   : openmpi
20220721 100722.103 INFO             PET1 ESMF_MOAB                   : enabled
20220721 100722.103 INFO             PET1 ESMF_LAPACK                 : enabled
20220721 100722.103 INFO             PET1 ESMF_NETCDF                 : enabled
20220721 100722.103 INFO             PET1 ESMF_PNETCDF                : disabled
20220721 100722.103 INFO             PET1 ESMF_PIO                    : enabled
20220721 100722.103 INFO             PET1 ESMF_YAMLCPP                : enabled
20220721 100722.201 DEBUG            PET1 about to destroy Grid: 0x7f8044067a00
20220721 100722.212 DEBUG            PET1 about to destroy Grid: 0x7f804406dc00
20220721 100722.240 INFO             PET1  NUMBER_OF_PROCESSORS           4
20220721 100722.240 INFO             PET1  PASS  Example ESMF_NUOPCAtmModelEx, ESMF_NUOPCAtmModelEx.F90, line 806
20220721 100722.240 INFO             PET1 Finalizing ESMF
20220721 100722.103 INFO             PET2 !!!!!!!!!!!!!!!!!!!!!!!!!!!!!!!!!!!!!!!!!!!!!!!!!!!!!!
20220721 100722.103 INFO             PET2 !!! THE ESMF_LOG IS SET TO OUTPUT ALL LOG MESSAGES !!!
20220721 100722.103 INFO             PET2 !!!     THIS MAY CAUSE SLOWDOWN IN PERFORMANCE     !!!
20220721 100722.103 INFO             PET2 !!! FOR PRODUCTION RUNS, USE:                      !!!
20220721 100722.103 INFO             PET2 !!!                   ESMF_LOGKIND_Multi_On_Error  !!!
20220721 100722.103 INFO             PET2 !!!!!!!!!!!!!!!!!!!!!!!!!!!!!!!!!!!!!!!!!!!!!!!!!!!!!!
20220721 100722.103 INFO             PET2 Running with ESMF Version   : v8.4.0b06-6-g1266599ea8
20220721 100722.103 INFO             PET2 ESMF library build date/time: "Jul 21 2022" "09:45:48"
20220721 100722.103 INFO             PET2 ESMF library build location : /project/esmf/rocky/esmf-test-dev/gfortran_11.2.0_openmpi_g_develop/esmf
20220721 100722.103 INFO             PET2 ESMF_COMM                   : openmpi
20220721 100722.103 INFO             PET2 ESMF_MOAB                   : enabled
20220721 100722.103 INFO             PET2 ESMF_LAPACK                 : enabled
20220721 100722.103 INFO             PET2 ESMF_NETCDF                 : enabled
20220721 100722.103 INFO             PET2 ESMF_PNETCDF                : disabled
20220721 100722.103 INFO             PET2 ESMF_PIO                    : enabled
20220721 100722.103 INFO             PET2 ESMF_YAMLCPP                : enabled
20220721 100722.201 DEBUG            PET2 about to destroy Grid: 0x7fccd582b000
20220721 100722.212 DEBUG            PET2 about to destroy Grid: 0x7fccd5831000
20220721 100722.240 INFO             PET2  NUMBER_OF_PROCESSORS           4
20220721 100722.240 INFO             PET2  PASS  Example ESMF_NUOPCAtmModelEx, ESMF_NUOPCAtmModelEx.F90, line 806
20220721 100722.240 INFO             PET2 Finalizing ESMF
20220721 100722.103 INFO             PET3 !!!!!!!!!!!!!!!!!!!!!!!!!!!!!!!!!!!!!!!!!!!!!!!!!!!!!!
20220721 100722.103 INFO             PET3 !!! THE ESMF_LOG IS SET TO OUTPUT ALL LOG MESSAGES !!!
20220721 100722.103 INFO             PET3 !!!     THIS MAY CAUSE SLOWDOWN IN PERFORMANCE     !!!
20220721 100722.103 INFO             PET3 !!! FOR PRODUCTION RUNS, USE:                      !!!
20220721 100722.103 INFO             PET3 !!!                   ESMF_LOGKIND_Multi_On_Error  !!!
20220721 100722.103 INFO             PET3 !!!!!!!!!!!!!!!!!!!!!!!!!!!!!!!!!!!!!!!!!!!!!!!!!!!!!!
20220721 100722.103 INFO             PET3 Running with ESMF Version   : v8.4.0b06-6-g1266599ea8
20220721 100722.103 INFO             PET3 ESMF library build date/time: "Jul 21 2022" "09:45:48"
20220721 100722.103 INFO             PET3 ESMF library build location : /project/esmf/rocky/esmf-test-dev/gfortran_11.2.0_openmpi_g_develop/esmf
20220721 100722.103 INFO             PET3 ESMF_COMM                   : openmpi
20220721 100722.103 INFO             PET3 ESMF_MOAB                   : enabled
20220721 100722.103 INFO             PET3 ESMF_LAPACK                 : enabled
20220721 100722.103 INFO             PET3 ESMF_NETCDF                 : enabled
20220721 100722.103 INFO             PET3 ESMF_PNETCDF                : disabled
20220721 100722.103 INFO             PET3 ESMF_PIO                    : enabled
20220721 100722.103 INFO             PET3 ESMF_YAMLCPP                : enabled
20220721 100722.201 DEBUG            PET3 about to destroy Grid: 0x7fe22b83d800
20220721 100722.212 DEBUG            PET3 about to destroy Grid: 0x7fe22b83e400
20220721 100722.240 INFO             PET3  NUMBER_OF_PROCESSORS           4
20220721 100722.240 INFO             PET3  PASS  Example ESMF_NUOPCAtmModelEx, ESMF_NUOPCAtmModelEx.F90, line 806
20220721 100722.240 INFO             PET3 Finalizing ESMF
