2022-07-15 14:43:23
20220715 150227.589 INFO             PET0 !!!!!!!!!!!!!!!!!!!!!!!!!!!!!!!!!!!!!!!!!!!!!!!!!!!!!!
20220715 150227.589 INFO             PET0 !!! THE ESMF_LOG IS SET TO OUTPUT ALL LOG MESSAGES !!!
20220715 150227.589 INFO             PET0 !!!     THIS MAY CAUSE SLOWDOWN IN PERFORMANCE     !!!
20220715 150227.589 INFO             PET0 !!! FOR PRODUCTION RUNS, USE:                      !!!
20220715 150227.589 INFO             PET0 !!!                   ESMF_LOGKIND_Multi_On_Error  !!!
20220715 150227.589 INFO             PET0 !!!!!!!!!!!!!!!!!!!!!!!!!!!!!!!!!!!!!!!!!!!!!!!!!!!!!!
20220715 150227.589 INFO             PET0 Running with ESMF Version   : v8.4.0b04-2-gc831a7cd4a
20220715 150227.589 INFO             PET0 ESMF library build date/time: "Jul 15 2022" "14:41:58"
20220715 150227.589 INFO             PET0 ESMF library build location : /project/esmf/rocky/esmf-test-dev/gfortran_11.2.0_openmpi_g_develop/esmf
20220715 150227.589 INFO             PET0 ESMF_COMM                   : openmpi
20220715 150227.589 INFO             PET0 ESMF_MOAB                   : enabled
20220715 150227.589 INFO             PET0 ESMF_LAPACK                 : enabled
20220715 150227.589 INFO             PET0 ESMF_NETCDF                 : enabled
20220715 150227.589 INFO             PET0 ESMF_PNETCDF                : disabled
20220715 150227.589 INFO             PET0 ESMF_PIO                    : enabled
20220715 150227.589 INFO             PET0 ESMF_YAMLCPP                : enabled
20220715 150227.592 INFO             PET0  NUMBER_OF_PROCESSORS           1
20220715 150227.592 INFO             PET0  PASS  Example ESMF_XGridSparseMatEx, ESMF_XGridSparseMatEx.F90, line 642
20220715 150227.592 INFO             PET0 Finalizing ESMF
