2022-07-20 22:13:15
20220720 224510.118 INFO             PET0 !!!!!!!!!!!!!!!!!!!!!!!!!!!!!!!!!!!!!!!!!!!!!!!!!!!!!!
20220720 224510.118 INFO             PET0 !!! THE ESMF_LOG IS SET TO OUTPUT ALL LOG MESSAGES !!!
20220720 224510.118 INFO             PET0 !!!     THIS MAY CAUSE SLOWDOWN IN PERFORMANCE     !!!
20220720 224510.118 INFO             PET0 !!! FOR PRODUCTION RUNS, USE:                      !!!
20220720 224510.118 INFO             PET0 !!!                   ESMF_LOGKIND_Multi_On_Error  !!!
20220720 224510.118 INFO             PET0 !!!!!!!!!!!!!!!!!!!!!!!!!!!!!!!!!!!!!!!!!!!!!!!!!!!!!!
20220720 224510.118 INFO             PET0 Running with ESMF Version   : v8.4.0b06-6-g1266599ea8
20220720 224510.118 INFO             PET0 ESMF library build date/time: "Jul 20 2022" "22:11:14"
20220720 224510.118 INFO             PET0 ESMF library build location : /glade/scratch/dunlap/esmf-test-dev/gfortran_9.1.0_openmpi_O_develop/esmf
20220720 224510.118 INFO             PET0 ESMF_COMM                   : openmpi
20220720 224510.118 INFO             PET0 ESMF_MOAB                   : enabled
20220720 224510.118 INFO             PET0 ESMF_LAPACK                 : enabled
20220720 224510.118 INFO             PET0 ESMF_NETCDF                 : enabled
20220720 224510.118 INFO             PET0 ESMF_PNETCDF                : disabled
20220720 224510.118 INFO             PET0 ESMF_PIO                    : enabled
20220720 224510.118 INFO             PET0 ESMF_YAMLCPP                : enabled
20220720 224510.160 DEBUG            PET0 about to destroy Grid: 0x122a790
20220720 224510.164 DEBUG            PET0 about to destroy Grid: 0x122bd60
20220720 224510.175 INFO             PET0  NUMBER_OF_PROCESSORS           4
20220720 224510.175 INFO             PET0  PASS  Example ESMF_NUOPCAtmModelEx, ESMF_NUOPCAtmModelEx.F90, line 806
20220720 224510.175 INFO             PET0 Finalizing ESMF
20220720 224510.119 INFO             PET1 !!!!!!!!!!!!!!!!!!!!!!!!!!!!!!!!!!!!!!!!!!!!!!!!!!!!!!
20220720 224510.119 INFO             PET1 !!! THE ESMF_LOG IS SET TO OUTPUT ALL LOG MESSAGES !!!
20220720 224510.119 INFO             PET1 !!!     THIS MAY CAUSE SLOWDOWN IN PERFORMANCE     !!!
20220720 224510.119 INFO             PET1 !!! FOR PRODUCTION RUNS, USE:                      !!!
20220720 224510.119 INFO             PET1 !!!                   ESMF_LOGKIND_Multi_On_Error  !!!
20220720 224510.119 INFO             PET1 !!!!!!!!!!!!!!!!!!!!!!!!!!!!!!!!!!!!!!!!!!!!!!!!!!!!!!
20220720 224510.119 INFO             PET1 Running with ESMF Version   : v8.4.0b06-6-g1266599ea8
20220720 224510.119 INFO             PET1 ESMF library build date/time: "Jul 20 2022" "22:11:14"
20220720 224510.119 INFO             PET1 ESMF library build location : /glade/scratch/dunlap/esmf-test-dev/gfortran_9.1.0_openmpi_O_develop/esmf
20220720 224510.119 INFO             PET1 ESMF_COMM                   : openmpi
20220720 224510.119 INFO             PET1 ESMF_MOAB                   : enabled
20220720 224510.119 INFO             PET1 ESMF_LAPACK                 : enabled
20220720 224510.119 INFO             PET1 ESMF_NETCDF                 : enabled
20220720 224510.119 INFO             PET1 ESMF_PNETCDF                : disabled
20220720 224510.119 INFO             PET1 ESMF_PIO                    : enabled
20220720 224510.119 INFO             PET1 ESMF_YAMLCPP                : enabled
20220720 224510.160 DEBUG            PET1 about to destroy Grid: 0x1f23400
20220720 224510.164 DEBUG            PET1 about to destroy Grid: 0x1f24910
20220720 224510.175 INFO             PET1  NUMBER_OF_PROCESSORS           4
20220720 224510.175 INFO             PET1  PASS  Example ESMF_NUOPCAtmModelEx, ESMF_NUOPCAtmModelEx.F90, line 806
20220720 224510.175 INFO             PET1 Finalizing ESMF
20220720 224510.120 INFO             PET2 !!!!!!!!!!!!!!!!!!!!!!!!!!!!!!!!!!!!!!!!!!!!!!!!!!!!!!
20220720 224510.120 INFO             PET2 !!! THE ESMF_LOG IS SET TO OUTPUT ALL LOG MESSAGES !!!
20220720 224510.120 INFO             PET2 !!!     THIS MAY CAUSE SLOWDOWN IN PERFORMANCE     !!!
20220720 224510.120 INFO             PET2 !!! FOR PRODUCTION RUNS, USE:                      !!!
20220720 224510.120 INFO             PET2 !!!                   ESMF_LOGKIND_Multi_On_Error  !!!
20220720 224510.120 INFO             PET2 !!!!!!!!!!!!!!!!!!!!!!!!!!!!!!!!!!!!!!!!!!!!!!!!!!!!!!
20220720 224510.120 INFO             PET2 Running with ESMF Version   : v8.4.0b06-6-g1266599ea8
20220720 224510.120 INFO             PET2 ESMF library build date/time: "Jul 20 2022" "22:11:14"
20220720 224510.120 INFO             PET2 ESMF library build location : /glade/scratch/dunlap/esmf-test-dev/gfortran_9.1.0_openmpi_O_develop/esmf
20220720 224510.120 INFO             PET2 ESMF_COMM                   : openmpi
20220720 224510.120 INFO             PET2 ESMF_MOAB                   : enabled
20220720 224510.120 INFO             PET2 ESMF_LAPACK                 : enabled
20220720 224510.120 INFO             PET2 ESMF_NETCDF                 : enabled
20220720 224510.120 INFO             PET2 ESMF_PNETCDF                : disabled
20220720 224510.120 INFO             PET2 ESMF_PIO                    : enabled
20220720 224510.120 INFO             PET2 ESMF_YAMLCPP                : enabled
20220720 224510.160 DEBUG            PET2 about to destroy Grid: 0x286c010
20220720 224510.164 DEBUG            PET2 about to destroy Grid: 0x286dac0
20220720 224510.175 INFO             PET2  NUMBER_OF_PROCESSORS           4
20220720 224510.175 INFO             PET2  PASS  Example ESMF_NUOPCAtmModelEx, ESMF_NUOPCAtmModelEx.F90, line 806
20220720 224510.175 INFO             PET2 Finalizing ESMF
20220720 224510.118 INFO             PET3 !!!!!!!!!!!!!!!!!!!!!!!!!!!!!!!!!!!!!!!!!!!!!!!!!!!!!!
20220720 224510.118 INFO             PET3 !!! THE ESMF_LOG IS SET TO OUTPUT ALL LOG MESSAGES !!!
20220720 224510.118 INFO             PET3 !!!     THIS MAY CAUSE SLOWDOWN IN PERFORMANCE     !!!
20220720 224510.118 INFO             PET3 !!! FOR PRODUCTION RUNS, USE:                      !!!
20220720 224510.118 INFO             PET3 !!!                   ESMF_LOGKIND_Multi_On_Error  !!!
20220720 224510.118 INFO             PET3 !!!!!!!!!!!!!!!!!!!!!!!!!!!!!!!!!!!!!!!!!!!!!!!!!!!!!!
20220720 224510.118 INFO             PET3 Running with ESMF Version   : v8.4.0b06-6-g1266599ea8
20220720 224510.118 INFO             PET3 ESMF library build date/time: "Jul 20 2022" "22:11:14"
20220720 224510.118 INFO             PET3 ESMF library build location : /glade/scratch/dunlap/esmf-test-dev/gfortran_9.1.0_openmpi_O_develop/esmf
20220720 224510.118 INFO             PET3 ESMF_COMM                   : openmpi
20220720 224510.118 INFO             PET3 ESMF_MOAB                   : enabled
20220720 224510.118 INFO             PET3 ESMF_LAPACK                 : enabled
20220720 224510.118 INFO             PET3 ESMF_NETCDF                 : enabled
20220720 224510.118 INFO             PET3 ESMF_PNETCDF                : disabled
20220720 224510.118 INFO             PET3 ESMF_PIO                    : enabled
20220720 224510.118 INFO             PET3 ESMF_YAMLCPP                : enabled
20220720 224510.160 DEBUG            PET3 about to destroy Grid: 0x1e82490
20220720 224510.164 DEBUG            PET3 about to destroy Grid: 0x1e837e0
20220720 224510.176 INFO             PET3  NUMBER_OF_PROCESSORS           4
20220720 224510.176 INFO             PET3  PASS  Example ESMF_NUOPCAtmModelEx, ESMF_NUOPCAtmModelEx.F90, line 806
20220720 224510.176 INFO             PET3 Finalizing ESMF
